2019-11-11 10:43:16.962  INFO 120028 --- [main] com.wrh.MynettyApplication               : Starting MynettyApplication on JT3Q9CAJRJ5FX5M with PID 120028 (started by Administrator in D:\0 pro\mynetty)
2019-11-11 10:43:16.966 DEBUG 120028 --- [main] com.wrh.MynettyApplication               : Running with Spring Boot v2.0.4.RELEASE, Spring v5.0.7.RELEASE
2019-11-11 10:43:16.968  INFO 120028 --- [main] com.wrh.MynettyApplication               : No active profile set, falling back to default profiles: default
2019-11-11 10:43:19.082  INFO 120028 --- [main] o.apache.catalina.core.StandardService   : Starting service [Tomcat]
2019-11-11 10:43:19.082  INFO 120028 --- [main] org.apache.catalina.core.StandardEngine  : Starting Servlet Engine: Apache Tomcat/8.5.32
2019-11-11 10:43:19.087  INFO 120028 --- [localhost-startStop-1] o.a.catalina.core.AprLifecycleListener   : The APR based Apache Tomcat Native library which allows optimal performance in production environments was not found on the java.library.path: [D:\Java\jdk1.8.0_112\bin;C:\windows\Sun\Java\bin;C:\windows\system32;C:\windows;C:\ProgramData\Oracle\Java\javapath;C:\Program Files (x86)\Common Files\NetSarang;C:\windows\system32;C:\windows;C:\windows\System32\Wbem;C:\windows\System32\WindowsPowerShell\v1.0\;C:\Program Files (x86)\AMD\ATI.ACE\Core-Static;C:\Program Files\Intel\WiFi\bin\;C:\Program Files\Common Files\Intel\WirelessCommon\;D:\Program Files (x86)\OpenVPN\bin;D:\green\gradle-2.13\gradle-2.13\bin;D:\Program Files\TortoiseSVN\bin:C:\Users\Administrator\Desktop\bin\bin;C:\Program Files\Git\cmd;D:\Java\apache-maven-3.2.5\bin;C:\Program Files\Java\jdk1.8.0_131\bin;;D:\zookeeper/bin;D:\zookeeper/conf;D:\python\python38\Scripts\;D:\python\python38\;C:\Program Files\Intel\WiFi\bin\;C:\Program Files\Common Files\Intel\WirelessCommon\;C:\Program Files (x86)\CVSNT\;C:\Program Files\Java\jdk1.8.0_131\bin;C:\Program Files\Java\jdk1.8.0_131\jre\bin;%MAVEN_HOME%\bin;D:\Dev\mysql-5.7.11;D:\Program Files\Docker Toolbox;D:\Program Files\Microsoft VS Code\bin;D:\python\PyCharm 2019.2.3\bin;;.]
2019-11-11 10:43:19.257  INFO 120028 --- [localhost-startStop-1] o.a.c.c.C.[Tomcat].[localhost].[/]       : Initializing Spring embedded WebApplicationContext
2019-11-11 10:43:19.404  INFO 120028 --- [main] com.wrh.MynettyApplication               : 开始启动服务端的服务!
2019-11-11 10:43:19.856  WARN 120028 --- [main] ConfigServletWebServerApplicationContext : Exception encountered during context initialization - cancelling refresh attempt: org.springframework.beans.factory.BeanCreationException: Error creating bean with name 'requestMappingHandlerMapping' defined in class path resource [org/springframework/boot/autoconfigure/web/servlet/WebMvcAutoConfiguration$EnableWebMvcConfiguration.class]: Invocation of init method failed; nested exception is java.lang.IllegalStateException: Ambiguous mapping. Cannot map 'annotationController' method 
public java.lang.String com.wrh.annotate.annotation.AnnotationController.addStudent(com.wrh.annotate.annotation.Student)
to {[/student],methods=[POST]}: There is already 'annotationController' bean method
public java.lang.String com.wrh.annotate.annotation.AnnotationController.addStudentWithMsg(com.wrh.annotate.annotation.Student,org.springframework.validation.BindingResult) mapped.
2019-11-11 10:43:19.859  INFO 120028 --- [main] o.apache.catalina.core.StandardService   : Stopping service [Tomcat]
2019-11-11 10:43:19.927 ERROR 120028 --- [main] o.s.boot.SpringApplication               : Application run failed

org.springframework.beans.factory.BeanCreationException: Error creating bean with name 'requestMappingHandlerMapping' defined in class path resource [org/springframework/boot/autoconfigure/web/servlet/WebMvcAutoConfiguration$EnableWebMvcConfiguration.class]: Invocation of init method failed; nested exception is java.lang.IllegalStateException: Ambiguous mapping. Cannot map 'annotationController' method 
public java.lang.String com.wrh.annotate.annotation.AnnotationController.addStudent(com.wrh.annotate.annotation.Student)
to {[/student],methods=[POST]}: There is already 'annotationController' bean method
public java.lang.String com.wrh.annotate.annotation.AnnotationController.addStudentWithMsg(com.wrh.annotate.annotation.Student,org.springframework.validation.BindingResult) mapped.
	at org.springframework.beans.factory.support.AbstractAutowireCapableBeanFactory.initializeBean(AbstractAutowireCapableBeanFactory.java:1699)
	at org.springframework.beans.factory.support.AbstractAutowireCapableBeanFactory.doCreateBean(AbstractAutowireCapableBeanFactory.java:573)
	at org.springframework.beans.factory.support.AbstractAutowireCapableBeanFactory.createBean(AbstractAutowireCapableBeanFactory.java:495)
	at org.springframework.beans.factory.support.AbstractBeanFactory.lambda$doGetBean$0(AbstractBeanFactory.java:317)
	at org.springframework.beans.factory.support.DefaultSingletonBeanRegistry.getSingleton(DefaultSingletonBeanRegistry.java:222)
	at org.springframework.beans.factory.support.AbstractBeanFactory.doGetBean(AbstractBeanFactory.java:315)
	at org.springframework.beans.factory.support.AbstractBeanFactory.getBean(AbstractBeanFactory.java:199)
	at org.springframework.beans.factory.support.DefaultListableBeanFactory.preInstantiateSingletons(DefaultListableBeanFactory.java:759)
	at org.springframework.context.support.AbstractApplicationContext.finishBeanFactoryInitialization(AbstractApplicationContext.java:869)
	at org.springframework.context.support.AbstractApplicationContext.refresh(AbstractApplicationContext.java:550)
	at org.springframework.boot.web.servlet.context.ServletWebServerApplicationContext.refresh(ServletWebServerApplicationContext.java:140)
	at org.springframework.boot.SpringApplication.refresh(SpringApplication.java:762)
	at org.springframework.boot.SpringApplication.refreshContext(SpringApplication.java:398)
	at org.springframework.boot.SpringApplication.run(SpringApplication.java:330)
	at org.springframework.boot.SpringApplication.run(SpringApplication.java:1258)
	at org.springframework.boot.SpringApplication.run(SpringApplication.java:1246)
	at com.wrh.MynettyApplication.main(MynettyApplication.java:21)
Caused by: java.lang.IllegalStateException: Ambiguous mapping. Cannot map 'annotationController' method 
public java.lang.String com.wrh.annotate.annotation.AnnotationController.addStudent(com.wrh.annotate.annotation.Student)
to {[/student],methods=[POST]}: There is already 'annotationController' bean method
public java.lang.String com.wrh.annotate.annotation.AnnotationController.addStudentWithMsg(com.wrh.annotate.annotation.Student,org.springframework.validation.BindingResult) mapped.
	at org.springframework.web.servlet.handler.AbstractHandlerMethodMapping$MappingRegistry.assertUniqueMethodMapping(AbstractHandlerMethodMapping.java:580)
	at org.springframework.web.servlet.handler.AbstractHandlerMethodMapping$MappingRegistry.register(AbstractHandlerMethodMapping.java:544)
	at org.springframework.web.servlet.handler.AbstractHandlerMethodMapping.registerHandlerMethod(AbstractHandlerMethodMapping.java:265)
	at org.springframework.web.servlet.handler.AbstractHandlerMethodMapping.lambda$detectHandlerMethods$1(AbstractHandlerMethodMapping.java:250)
	at java.util.LinkedHashMap.forEach(LinkedHashMap.java:684)
	at org.springframework.web.servlet.handler.AbstractHandlerMethodMapping.detectHandlerMethods(AbstractHandlerMethodMapping.java:248)
	at org.springframework.web.servlet.handler.AbstractHandlerMethodMapping.initHandlerMethods(AbstractHandlerMethodMapping.java:218)
	at org.springframework.web.servlet.handler.AbstractHandlerMethodMapping.afterPropertiesSet(AbstractHandlerMethodMapping.java:188)
	at org.springframework.web.servlet.mvc.method.annotation.RequestMappingHandlerMapping.afterPropertiesSet(RequestMappingHandlerMapping.java:136)
	at org.springframework.beans.factory.support.AbstractAutowireCapableBeanFactory.invokeInitMethods(AbstractAutowireCapableBeanFactory.java:1758)
	at org.springframework.beans.factory.support.AbstractAutowireCapableBeanFactory.initializeBean(AbstractAutowireCapableBeanFactory.java:1695)
	... 16 common frames omitted

2019-11-11 10:45:45.509  INFO 120876 --- [main] com.wrh.MynettyApplication               : Starting MynettyApplication on JT3Q9CAJRJ5FX5M with PID 120876 (started by Administrator in D:\0 pro\mynetty)
2019-11-11 10:45:45.512 DEBUG 120876 --- [main] com.wrh.MynettyApplication               : Running with Spring Boot v2.0.4.RELEASE, Spring v5.0.7.RELEASE
2019-11-11 10:45:45.514  INFO 120876 --- [main] com.wrh.MynettyApplication               : No active profile set, falling back to default profiles: default
2019-11-11 10:45:47.186  INFO 120876 --- [main] o.apache.catalina.core.StandardService   : Starting service [Tomcat]
2019-11-11 10:45:47.187  INFO 120876 --- [main] org.apache.catalina.core.StandardEngine  : Starting Servlet Engine: Apache Tomcat/8.5.32
2019-11-11 10:45:47.191  INFO 120876 --- [localhost-startStop-1] o.a.catalina.core.AprLifecycleListener   : The APR based Apache Tomcat Native library which allows optimal performance in production environments was not found on the java.library.path: [D:\Java\jdk1.8.0_112\bin;C:\windows\Sun\Java\bin;C:\windows\system32;C:\windows;C:\ProgramData\Oracle\Java\javapath;C:\Program Files (x86)\Common Files\NetSarang;C:\windows\system32;C:\windows;C:\windows\System32\Wbem;C:\windows\System32\WindowsPowerShell\v1.0\;C:\Program Files (x86)\AMD\ATI.ACE\Core-Static;C:\Program Files\Intel\WiFi\bin\;C:\Program Files\Common Files\Intel\WirelessCommon\;D:\Program Files (x86)\OpenVPN\bin;D:\green\gradle-2.13\gradle-2.13\bin;D:\Program Files\TortoiseSVN\bin:C:\Users\Administrator\Desktop\bin\bin;C:\Program Files\Git\cmd;D:\Java\apache-maven-3.2.5\bin;C:\Program Files\Java\jdk1.8.0_131\bin;;D:\zookeeper/bin;D:\zookeeper/conf;D:\python\python38\Scripts\;D:\python\python38\;C:\Program Files\Intel\WiFi\bin\;C:\Program Files\Common Files\Intel\WirelessCommon\;C:\Program Files (x86)\CVSNT\;C:\Program Files\Java\jdk1.8.0_131\bin;C:\Program Files\Java\jdk1.8.0_131\jre\bin;%MAVEN_HOME%\bin;D:\Dev\mysql-5.7.11;D:\Program Files\Docker Toolbox;D:\Program Files\Microsoft VS Code\bin;D:\python\PyCharm 2019.2.3\bin;;.]
2019-11-11 10:45:47.343  INFO 120876 --- [localhost-startStop-1] o.a.c.c.C.[Tomcat].[localhost].[/]       : Initializing Spring embedded WebApplicationContext
2019-11-11 10:45:47.899  WARN 120876 --- [main] ConfigServletWebServerApplicationContext : Exception encountered during context initialization - cancelling refresh attempt: org.springframework.beans.factory.BeanCreationException: Error creating bean with name 'requestMappingHandlerMapping' defined in class path resource [org/springframework/boot/autoconfigure/web/servlet/WebMvcAutoConfiguration$EnableWebMvcConfiguration.class]: Invocation of init method failed; nested exception is java.lang.IllegalStateException: Ambiguous mapping. Cannot map 'annotationController' method 
public java.lang.String com.wrh.annotate.annotation.AnnotationController.addStudentWithMsg(com.wrh.annotate.annotation.Student,org.springframework.validation.BindingResult)
to {[/student],methods=[POST]}: There is already 'annotationController' bean method
public java.lang.String com.wrh.annotate.annotation.AnnotationController.addStudent(com.wrh.annotate.annotation.Student) mapped.
2019-11-11 10:45:47.902  INFO 120876 --- [main] o.apache.catalina.core.StandardService   : Stopping service [Tomcat]
2019-11-11 10:45:47.948 ERROR 120876 --- [main] o.s.boot.SpringApplication               : Application run failed

org.springframework.beans.factory.BeanCreationException: Error creating bean with name 'requestMappingHandlerMapping' defined in class path resource [org/springframework/boot/autoconfigure/web/servlet/WebMvcAutoConfiguration$EnableWebMvcConfiguration.class]: Invocation of init method failed; nested exception is java.lang.IllegalStateException: Ambiguous mapping. Cannot map 'annotationController' method 
public java.lang.String com.wrh.annotate.annotation.AnnotationController.addStudentWithMsg(com.wrh.annotate.annotation.Student,org.springframework.validation.BindingResult)
to {[/student],methods=[POST]}: There is already 'annotationController' bean method
public java.lang.String com.wrh.annotate.annotation.AnnotationController.addStudent(com.wrh.annotate.annotation.Student) mapped.
	at org.springframework.beans.factory.support.AbstractAutowireCapableBeanFactory.initializeBean(AbstractAutowireCapableBeanFactory.java:1699)
	at org.springframework.beans.factory.support.AbstractAutowireCapableBeanFactory.doCreateBean(AbstractAutowireCapableBeanFactory.java:573)
	at org.springframework.beans.factory.support.AbstractAutowireCapableBeanFactory.createBean(AbstractAutowireCapableBeanFactory.java:495)
	at org.springframework.beans.factory.support.AbstractBeanFactory.lambda$doGetBean$0(AbstractBeanFactory.java:317)
	at org.springframework.beans.factory.support.DefaultSingletonBeanRegistry.getSingleton(DefaultSingletonBeanRegistry.java:222)
	at org.springframework.beans.factory.support.AbstractBeanFactory.doGetBean(AbstractBeanFactory.java:315)
	at org.springframework.beans.factory.support.AbstractBeanFactory.getBean(AbstractBeanFactory.java:199)
	at org.springframework.beans.factory.support.DefaultListableBeanFactory.preInstantiateSingletons(DefaultListableBeanFactory.java:759)
	at org.springframework.context.support.AbstractApplicationContext.finishBeanFactoryInitialization(AbstractApplicationContext.java:869)
	at org.springframework.context.support.AbstractApplicationContext.refresh(AbstractApplicationContext.java:550)
	at org.springframework.boot.web.servlet.context.ServletWebServerApplicationContext.refresh(ServletWebServerApplicationContext.java:140)
	at org.springframework.boot.SpringApplication.refresh(SpringApplication.java:762)
	at org.springframework.boot.SpringApplication.refreshContext(SpringApplication.java:398)
	at org.springframework.boot.SpringApplication.run(SpringApplication.java:330)
	at org.springframework.boot.SpringApplication.run(SpringApplication.java:1258)
	at org.springframework.boot.SpringApplication.run(SpringApplication.java:1246)
	at com.wrh.MynettyApplication.main(MynettyApplication.java:21)
Caused by: java.lang.IllegalStateException: Ambiguous mapping. Cannot map 'annotationController' method 
public java.lang.String com.wrh.annotate.annotation.AnnotationController.addStudentWithMsg(com.wrh.annotate.annotation.Student,org.springframework.validation.BindingResult)
to {[/student],methods=[POST]}: There is already 'annotationController' bean method
public java.lang.String com.wrh.annotate.annotation.AnnotationController.addStudent(com.wrh.annotate.annotation.Student) mapped.
	at org.springframework.web.servlet.handler.AbstractHandlerMethodMapping$MappingRegistry.assertUniqueMethodMapping(AbstractHandlerMethodMapping.java:580)
	at org.springframework.web.servlet.handler.AbstractHandlerMethodMapping$MappingRegistry.register(AbstractHandlerMethodMapping.java:544)
	at org.springframework.web.servlet.handler.AbstractHandlerMethodMapping.registerHandlerMethod(AbstractHandlerMethodMapping.java:265)
	at org.springframework.web.servlet.handler.AbstractHandlerMethodMapping.lambda$detectHandlerMethods$1(AbstractHandlerMethodMapping.java:250)
	at java.util.LinkedHashMap.forEach(LinkedHashMap.java:684)
	at org.springframework.web.servlet.handler.AbstractHandlerMethodMapping.detectHandlerMethods(AbstractHandlerMethodMapping.java:248)
	at org.springframework.web.servlet.handler.AbstractHandlerMethodMapping.initHandlerMethods(AbstractHandlerMethodMapping.java:218)
	at org.springframework.web.servlet.handler.AbstractHandlerMethodMapping.afterPropertiesSet(AbstractHandlerMethodMapping.java:188)
	at org.springframework.web.servlet.mvc.method.annotation.RequestMappingHandlerMapping.afterPropertiesSet(RequestMappingHandlerMapping.java:136)
	at org.springframework.beans.factory.support.AbstractAutowireCapableBeanFactory.invokeInitMethods(AbstractAutowireCapableBeanFactory.java:1758)
	at org.springframework.beans.factory.support.AbstractAutowireCapableBeanFactory.initializeBean(AbstractAutowireCapableBeanFactory.java:1695)
	... 16 common frames omitted

2019-11-11 10:50:16.639  INFO 120916 --- [main] com.wrh.MynettyApplication               : Starting MynettyApplication on JT3Q9CAJRJ5FX5M with PID 120916 (started by Administrator in D:\0 pro\mynetty)
2019-11-11 10:50:16.642 DEBUG 120916 --- [main] com.wrh.MynettyApplication               : Running with Spring Boot v2.0.4.RELEASE, Spring v5.0.7.RELEASE
2019-11-11 10:50:16.644  INFO 120916 --- [main] com.wrh.MynettyApplication               : No active profile set, falling back to default profiles: default
2019-11-11 10:50:18.334  INFO 120916 --- [main] o.apache.catalina.core.StandardService   : Starting service [Tomcat]
2019-11-11 10:50:18.335  INFO 120916 --- [main] org.apache.catalina.core.StandardEngine  : Starting Servlet Engine: Apache Tomcat/8.5.32
2019-11-11 10:50:18.339  INFO 120916 --- [localhost-startStop-1] o.a.catalina.core.AprLifecycleListener   : The APR based Apache Tomcat Native library which allows optimal performance in production environments was not found on the java.library.path: [D:\Java\jdk1.8.0_112\bin;C:\windows\Sun\Java\bin;C:\windows\system32;C:\windows;C:\ProgramData\Oracle\Java\javapath;C:\Program Files (x86)\Common Files\NetSarang;C:\windows\system32;C:\windows;C:\windows\System32\Wbem;C:\windows\System32\WindowsPowerShell\v1.0\;C:\Program Files (x86)\AMD\ATI.ACE\Core-Static;C:\Program Files\Intel\WiFi\bin\;C:\Program Files\Common Files\Intel\WirelessCommon\;D:\Program Files (x86)\OpenVPN\bin;D:\green\gradle-2.13\gradle-2.13\bin;D:\Program Files\TortoiseSVN\bin:C:\Users\Administrator\Desktop\bin\bin;C:\Program Files\Git\cmd;D:\Java\apache-maven-3.2.5\bin;C:\Program Files\Java\jdk1.8.0_131\bin;;D:\zookeeper/bin;D:\zookeeper/conf;D:\python\python38\Scripts\;D:\python\python38\;C:\Program Files\Intel\WiFi\bin\;C:\Program Files\Common Files\Intel\WirelessCommon\;C:\Program Files (x86)\CVSNT\;C:\Program Files\Java\jdk1.8.0_131\bin;C:\Program Files\Java\jdk1.8.0_131\jre\bin;%MAVEN_HOME%\bin;D:\Dev\mysql-5.7.11;D:\Program Files\Docker Toolbox;D:\Program Files\Microsoft VS Code\bin;D:\python\PyCharm 2019.2.3\bin;;.]
2019-11-11 10:50:18.477  INFO 120916 --- [localhost-startStop-1] o.a.c.c.C.[Tomcat].[localhost].[/ops]    : Initializing Spring embedded WebApplicationContext
2019-11-11 10:50:18.606  INFO 120916 --- [main] com.wrh.MynettyApplication               : 开始启动服务端的服务!
2019-11-11 10:50:18.995  WARN 120916 --- [main] ConfigServletWebServerApplicationContext : Exception encountered during context initialization - cancelling refresh attempt: org.springframework.beans.factory.BeanCreationException: Error creating bean with name 'requestMappingHandlerMapping' defined in class path resource [org/springframework/boot/autoconfigure/web/servlet/WebMvcAutoConfiguration$EnableWebMvcConfiguration.class]: Invocation of init method failed; nested exception is java.lang.IllegalStateException: Ambiguous mapping. Cannot map 'annotationController' method 
public java.lang.String com.wrh.annotate.annotation.AnnotationController.addStudent(com.wrh.annotate.annotation.Student)
to {[/student],methods=[POST]}: There is already 'annotationController' bean method
public java.lang.String com.wrh.annotate.annotation.AnnotationController.addStudentWithMsg(com.wrh.annotate.annotation.Student,org.springframework.validation.BindingResult) mapped.
2019-11-11 10:50:18.998  INFO 120916 --- [main] o.apache.catalina.core.StandardService   : Stopping service [Tomcat]
2019-11-11 10:50:19.046 ERROR 120916 --- [main] o.s.boot.SpringApplication               : Application run failed

org.springframework.beans.factory.BeanCreationException: Error creating bean with name 'requestMappingHandlerMapping' defined in class path resource [org/springframework/boot/autoconfigure/web/servlet/WebMvcAutoConfiguration$EnableWebMvcConfiguration.class]: Invocation of init method failed; nested exception is java.lang.IllegalStateException: Ambiguous mapping. Cannot map 'annotationController' method 
public java.lang.String com.wrh.annotate.annotation.AnnotationController.addStudent(com.wrh.annotate.annotation.Student)
to {[/student],methods=[POST]}: There is already 'annotationController' bean method
public java.lang.String com.wrh.annotate.annotation.AnnotationController.addStudentWithMsg(com.wrh.annotate.annotation.Student,org.springframework.validation.BindingResult) mapped.
	at org.springframework.beans.factory.support.AbstractAutowireCapableBeanFactory.initializeBean(AbstractAutowireCapableBeanFactory.java:1699)
	at org.springframework.beans.factory.support.AbstractAutowireCapableBeanFactory.doCreateBean(AbstractAutowireCapableBeanFactory.java:573)
	at org.springframework.beans.factory.support.AbstractAutowireCapableBeanFactory.createBean(AbstractAutowireCapableBeanFactory.java:495)
	at org.springframework.beans.factory.support.AbstractBeanFactory.lambda$doGetBean$0(AbstractBeanFactory.java:317)
	at org.springframework.beans.factory.support.DefaultSingletonBeanRegistry.getSingleton(DefaultSingletonBeanRegistry.java:222)
	at org.springframework.beans.factory.support.AbstractBeanFactory.doGetBean(AbstractBeanFactory.java:315)
	at org.springframework.beans.factory.support.AbstractBeanFactory.getBean(AbstractBeanFactory.java:199)
	at org.springframework.beans.factory.support.DefaultListableBeanFactory.preInstantiateSingletons(DefaultListableBeanFactory.java:759)
	at org.springframework.context.support.AbstractApplicationContext.finishBeanFactoryInitialization(AbstractApplicationContext.java:869)
	at org.springframework.context.support.AbstractApplicationContext.refresh(AbstractApplicationContext.java:550)
	at org.springframework.boot.web.servlet.context.ServletWebServerApplicationContext.refresh(ServletWebServerApplicationContext.java:140)
	at org.springframework.boot.SpringApplication.refresh(SpringApplication.java:762)
	at org.springframework.boot.SpringApplication.refreshContext(SpringApplication.java:398)
	at org.springframework.boot.SpringApplication.run(SpringApplication.java:330)
	at org.springframework.boot.SpringApplication.run(SpringApplication.java:1258)
	at org.springframework.boot.SpringApplication.run(SpringApplication.java:1246)
	at com.wrh.MynettyApplication.main(MynettyApplication.java:22)
Caused by: java.lang.IllegalStateException: Ambiguous mapping. Cannot map 'annotationController' method 
public java.lang.String com.wrh.annotate.annotation.AnnotationController.addStudent(com.wrh.annotate.annotation.Student)
to {[/student],methods=[POST]}: There is already 'annotationController' bean method
public java.lang.String com.wrh.annotate.annotation.AnnotationController.addStudentWithMsg(com.wrh.annotate.annotation.Student,org.springframework.validation.BindingResult) mapped.
	at org.springframework.web.servlet.handler.AbstractHandlerMethodMapping$MappingRegistry.assertUniqueMethodMapping(AbstractHandlerMethodMapping.java:580)
	at org.springframework.web.servlet.handler.AbstractHandlerMethodMapping$MappingRegistry.register(AbstractHandlerMethodMapping.java:544)
	at org.springframework.web.servlet.handler.AbstractHandlerMethodMapping.registerHandlerMethod(AbstractHandlerMethodMapping.java:265)
	at org.springframework.web.servlet.handler.AbstractHandlerMethodMapping.lambda$detectHandlerMethods$1(AbstractHandlerMethodMapping.java:250)
	at java.util.LinkedHashMap.forEach(LinkedHashMap.java:684)
	at org.springframework.web.servlet.handler.AbstractHandlerMethodMapping.detectHandlerMethods(AbstractHandlerMethodMapping.java:248)
	at org.springframework.web.servlet.handler.AbstractHandlerMethodMapping.initHandlerMethods(AbstractHandlerMethodMapping.java:218)
	at org.springframework.web.servlet.handler.AbstractHandlerMethodMapping.afterPropertiesSet(AbstractHandlerMethodMapping.java:188)
	at org.springframework.web.servlet.mvc.method.annotation.RequestMappingHandlerMapping.afterPropertiesSet(RequestMappingHandlerMapping.java:136)
	at org.springframework.beans.factory.support.AbstractAutowireCapableBeanFactory.invokeInitMethods(AbstractAutowireCapableBeanFactory.java:1758)
	at org.springframework.beans.factory.support.AbstractAutowireCapableBeanFactory.initializeBean(AbstractAutowireCapableBeanFactory.java:1695)
	... 16 common frames omitted

2019-11-11 10:51:13.731  INFO 122012 --- [main] com.wrh.MynettyApplication               : Starting MynettyApplication on JT3Q9CAJRJ5FX5M with PID 122012 (started by Administrator in D:\0 pro\mynetty)
2019-11-11 10:51:13.735 DEBUG 122012 --- [main] com.wrh.MynettyApplication               : Running with Spring Boot v2.0.4.RELEASE, Spring v5.0.7.RELEASE
2019-11-11 10:51:13.737  INFO 122012 --- [main] com.wrh.MynettyApplication               : No active profile set, falling back to default profiles: default
2019-11-11 10:51:15.285  INFO 122012 --- [main] o.apache.catalina.core.StandardService   : Starting service [Tomcat]
2019-11-11 10:51:15.286  INFO 122012 --- [main] org.apache.catalina.core.StandardEngine  : Starting Servlet Engine: Apache Tomcat/8.5.32
2019-11-11 10:51:15.290  INFO 122012 --- [localhost-startStop-1] o.a.catalina.core.AprLifecycleListener   : The APR based Apache Tomcat Native library which allows optimal performance in production environments was not found on the java.library.path: [D:\Java\jdk1.8.0_112\bin;C:\windows\Sun\Java\bin;C:\windows\system32;C:\windows;C:\ProgramData\Oracle\Java\javapath;C:\Program Files (x86)\Common Files\NetSarang;C:\windows\system32;C:\windows;C:\windows\System32\Wbem;C:\windows\System32\WindowsPowerShell\v1.0\;C:\Program Files (x86)\AMD\ATI.ACE\Core-Static;C:\Program Files\Intel\WiFi\bin\;C:\Program Files\Common Files\Intel\WirelessCommon\;D:\Program Files (x86)\OpenVPN\bin;D:\green\gradle-2.13\gradle-2.13\bin;D:\Program Files\TortoiseSVN\bin:C:\Users\Administrator\Desktop\bin\bin;C:\Program Files\Git\cmd;D:\Java\apache-maven-3.2.5\bin;C:\Program Files\Java\jdk1.8.0_131\bin;;D:\zookeeper/bin;D:\zookeeper/conf;D:\python\python38\Scripts\;D:\python\python38\;C:\Program Files\Intel\WiFi\bin\;C:\Program Files\Common Files\Intel\WirelessCommon\;C:\Program Files (x86)\CVSNT\;C:\Program Files\Java\jdk1.8.0_131\bin;C:\Program Files\Java\jdk1.8.0_131\jre\bin;%MAVEN_HOME%\bin;D:\Dev\mysql-5.7.11;D:\Program Files\Docker Toolbox;D:\Program Files\Microsoft VS Code\bin;D:\python\PyCharm 2019.2.3\bin;;.]
2019-11-11 10:51:15.465  INFO 122012 --- [localhost-startStop-1] o.a.c.c.C.[Tomcat].[localhost].[/ops]    : Initializing Spring embedded WebApplicationContext
2019-11-11 10:51:15.605  INFO 122012 --- [main] com.wrh.MynettyApplication               : 开始启动服务端的服务!
2019-11-11 10:51:16.470  WARN 122012 --- [main] o.s.b.a.f.FreeMarkerAutoConfiguration    : Cannot find template location(s): [classpath:/templates/] (please add some templates, check your FreeMarker configuration, or set spring.freemarker.checkTemplateLocation=false)
2019-11-11 10:51:16.611  INFO 122012 --- [main] com.wrh.MynettyApplication               : Started MynettyApplication in 4.177 seconds (JVM running for 6.422)
2019-11-11 10:52:46.157  INFO 121800 --- [main] com.wrh.MynettyApplication               : Starting MynettyApplication on JT3Q9CAJRJ5FX5M with PID 121800 (started by Administrator in D:\0 pro\mynetty)
2019-11-11 10:52:46.159 DEBUG 121800 --- [main] com.wrh.MynettyApplication               : Running with Spring Boot v2.0.4.RELEASE, Spring v5.0.7.RELEASE
2019-11-11 10:52:46.161  INFO 121800 --- [main] com.wrh.MynettyApplication               : No active profile set, falling back to default profiles: default
2019-11-11 10:52:47.930  INFO 121800 --- [main] o.apache.catalina.core.StandardService   : Starting service [Tomcat]
2019-11-11 10:52:47.931  INFO 121800 --- [main] org.apache.catalina.core.StandardEngine  : Starting Servlet Engine: Apache Tomcat/8.5.32
2019-11-11 10:52:47.937  INFO 121800 --- [localhost-startStop-1] o.a.catalina.core.AprLifecycleListener   : The APR based Apache Tomcat Native library which allows optimal performance in production environments was not found on the java.library.path: [D:\Java\jdk1.8.0_112\bin;C:\windows\Sun\Java\bin;C:\windows\system32;C:\windows;C:\ProgramData\Oracle\Java\javapath;C:\Program Files (x86)\Common Files\NetSarang;C:\windows\system32;C:\windows;C:\windows\System32\Wbem;C:\windows\System32\WindowsPowerShell\v1.0\;C:\Program Files (x86)\AMD\ATI.ACE\Core-Static;C:\Program Files\Intel\WiFi\bin\;C:\Program Files\Common Files\Intel\WirelessCommon\;D:\Program Files (x86)\OpenVPN\bin;D:\green\gradle-2.13\gradle-2.13\bin;D:\Program Files\TortoiseSVN\bin:C:\Users\Administrator\Desktop\bin\bin;C:\Program Files\Git\cmd;D:\Java\apache-maven-3.2.5\bin;C:\Program Files\Java\jdk1.8.0_131\bin;;D:\zookeeper/bin;D:\zookeeper/conf;D:\python\python38\Scripts\;D:\python\python38\;C:\Program Files\Intel\WiFi\bin\;C:\Program Files\Common Files\Intel\WirelessCommon\;C:\Program Files (x86)\CVSNT\;C:\Program Files\Java\jdk1.8.0_131\bin;C:\Program Files\Java\jdk1.8.0_131\jre\bin;%MAVEN_HOME%\bin;D:\Dev\mysql-5.7.11;D:\Program Files\Docker Toolbox;D:\Program Files\Microsoft VS Code\bin;D:\python\PyCharm 2019.2.3\bin;;.]
2019-11-11 10:52:48.134  INFO 121800 --- [localhost-startStop-1] o.a.c.c.C.[.[localhost].[/mynetty]       : Initializing Spring embedded WebApplicationContext
2019-11-11 10:52:48.324  INFO 121800 --- [main] com.wrh.MynettyApplication               : 开始启动服务端的服务!
2019-11-11 10:52:49.231  WARN 121800 --- [main] o.s.b.a.f.FreeMarkerAutoConfiguration    : Cannot find template location(s): [classpath:/templates/] (please add some templates, check your FreeMarker configuration, or set spring.freemarker.checkTemplateLocation=false)
2019-11-11 10:52:49.371  INFO 121800 --- [main] com.wrh.MynettyApplication               : Started MynettyApplication in 4.579 seconds (JVM running for 7.048)
2019-11-11 10:53:33.327  INFO 121800 --- [http-nio-9999-exec-2] o.a.c.c.C.[.[localhost].[/mynetty]       : Initializing Spring FrameworkServlet 'dispatcherServlet'
2019-11-11 14:25:42.365  INFO 125700 --- [main] com.wrh.MynettyApplication               : Starting MynettyApplication on JT3Q9CAJRJ5FX5M with PID 125700 (started by Administrator in D:\0 pro\mynetty)
2019-11-11 14:25:42.370 DEBUG 125700 --- [main] com.wrh.MynettyApplication               : Running with Spring Boot v2.0.4.RELEASE, Spring v5.0.7.RELEASE
2019-11-11 14:25:42.373  INFO 125700 --- [main] com.wrh.MynettyApplication               : No active profile set, falling back to default profiles: default
2019-11-11 14:25:44.592  INFO 125700 --- [main] o.apache.catalina.core.StandardService   : Starting service [Tomcat]
2019-11-11 14:25:44.593  INFO 125700 --- [main] org.apache.catalina.core.StandardEngine  : Starting Servlet Engine: Apache Tomcat/8.5.32
2019-11-11 14:25:44.597  INFO 125700 --- [localhost-startStop-1] o.a.catalina.core.AprLifecycleListener   : The APR based Apache Tomcat Native library which allows optimal performance in production environments was not found on the java.library.path: [D:\Java\jdk1.8.0_112\bin;C:\windows\Sun\Java\bin;C:\windows\system32;C:\windows;C:\ProgramData\Oracle\Java\javapath;C:\Program Files (x86)\Common Files\NetSarang;C:\windows\system32;C:\windows;C:\windows\System32\Wbem;C:\windows\System32\WindowsPowerShell\v1.0\;C:\Program Files (x86)\AMD\ATI.ACE\Core-Static;C:\Program Files\Intel\WiFi\bin\;C:\Program Files\Common Files\Intel\WirelessCommon\;D:\Program Files (x86)\OpenVPN\bin;D:\green\gradle-2.13\gradle-2.13\bin;D:\Program Files\TortoiseSVN\bin:C:\Users\Administrator\Desktop\bin\bin;C:\Program Files\Git\cmd;D:\Java\apache-maven-3.2.5\bin;C:\Program Files\Java\jdk1.8.0_131\bin;;D:\zookeeper/bin;D:\zookeeper/conf;D:\python\python38\Scripts\;D:\python\python38\;C:\Program Files\Intel\WiFi\bin\;C:\Program Files\Common Files\Intel\WirelessCommon\;C:\Program Files (x86)\CVSNT\;C:\Program Files\Java\jdk1.8.0_131\bin;C:\Program Files\Java\jdk1.8.0_131\jre\bin;%MAVEN_HOME%\bin;D:\Dev\mysql-5.7.11;D:\Program Files\Docker Toolbox;D:\Program Files\Microsoft VS Code\bin;D:\python\PyCharm 2019.2.3\bin;;.]
2019-11-11 14:25:44.732  INFO 125700 --- [localhost-startStop-1] o.a.c.c.C.[.[localhost].[/mynetty]       : Initializing Spring embedded WebApplicationContext
2019-11-11 14:25:44.884  INFO 125700 --- [main] com.wrh.MynettyApplication               : 开始启动服务端的服务!
2019-11-11 14:25:45.664  WARN 125700 --- [main] o.s.b.a.f.FreeMarkerAutoConfiguration    : Cannot find template location(s): [classpath:/templates/] (please add some templates, check your FreeMarker configuration, or set spring.freemarker.checkTemplateLocation=false)
2019-11-11 14:25:45.798  INFO 125700 --- [main] com.wrh.MynettyApplication               : Started MynettyApplication in 4.285 seconds (JVM running for 6.338)
2019-11-11 14:25:49.830  INFO 125700 --- [http-nio-9999-exec-2] o.a.c.c.C.[.[localhost].[/mynetty]       : Initializing Spring FrameworkServlet 'dispatcherServlet'
2019-11-11 14:28:24.514  INFO 126492 --- [main] com.wrh.MynettyApplication               : Starting MynettyApplication on JT3Q9CAJRJ5FX5M with PID 126492 (started by Administrator in D:\0 pro\mynetty)
2019-11-11 14:28:24.517 DEBUG 126492 --- [main] com.wrh.MynettyApplication               : Running with Spring Boot v2.0.4.RELEASE, Spring v5.0.7.RELEASE
2019-11-11 14:28:24.519  INFO 126492 --- [main] com.wrh.MynettyApplication               : No active profile set, falling back to default profiles: default
2019-11-11 14:28:26.632  INFO 126492 --- [main] o.apache.catalina.core.StandardService   : Starting service [Tomcat]
2019-11-11 14:28:26.633  INFO 126492 --- [main] org.apache.catalina.core.StandardEngine  : Starting Servlet Engine: Apache Tomcat/8.5.32
2019-11-11 14:28:26.638  INFO 126492 --- [localhost-startStop-1] o.a.catalina.core.AprLifecycleListener   : The APR based Apache Tomcat Native library which allows optimal performance in production environments was not found on the java.library.path: [D:\Java\jdk1.8.0_112\bin;C:\windows\Sun\Java\bin;C:\windows\system32;C:\windows;C:\ProgramData\Oracle\Java\javapath;C:\Program Files (x86)\Common Files\NetSarang;C:\windows\system32;C:\windows;C:\windows\System32\Wbem;C:\windows\System32\WindowsPowerShell\v1.0\;C:\Program Files (x86)\AMD\ATI.ACE\Core-Static;C:\Program Files\Intel\WiFi\bin\;C:\Program Files\Common Files\Intel\WirelessCommon\;D:\Program Files (x86)\OpenVPN\bin;D:\green\gradle-2.13\gradle-2.13\bin;D:\Program Files\TortoiseSVN\bin:C:\Users\Administrator\Desktop\bin\bin;C:\Program Files\Git\cmd;D:\Java\apache-maven-3.2.5\bin;C:\Program Files\Java\jdk1.8.0_131\bin;;D:\zookeeper/bin;D:\zookeeper/conf;D:\python\python38\Scripts\;D:\python\python38\;C:\Program Files\Intel\WiFi\bin\;C:\Program Files\Common Files\Intel\WirelessCommon\;C:\Program Files (x86)\CVSNT\;C:\Program Files\Java\jdk1.8.0_131\bin;C:\Program Files\Java\jdk1.8.0_131\jre\bin;%MAVEN_HOME%\bin;D:\Dev\mysql-5.7.11;D:\Program Files\Docker Toolbox;D:\Program Files\Microsoft VS Code\bin;D:\python\PyCharm 2019.2.3\bin;;.]
2019-11-11 14:28:26.807  INFO 126492 --- [localhost-startStop-1] o.a.c.c.C.[.[localhost].[/mynetty]       : Initializing Spring embedded WebApplicationContext
2019-11-11 14:28:26.978  INFO 126492 --- [main] com.wrh.MynettyApplication               : 开始启动服务端的服务!
2019-11-11 14:28:27.809  WARN 126492 --- [main] o.s.b.a.f.FreeMarkerAutoConfiguration    : Cannot find template location(s): [classpath:/templates/] (please add some templates, check your FreeMarker configuration, or set spring.freemarker.checkTemplateLocation=false)
2019-11-11 14:28:27.967  INFO 126492 --- [main] com.wrh.MynettyApplication               : Started MynettyApplication in 4.921 seconds (JVM running for 7.181)
2019-11-11 14:28:32.519  INFO 126492 --- [http-nio-9999-exec-1] o.a.c.c.C.[.[localhost].[/mynetty]       : Initializing Spring FrameworkServlet 'dispatcherServlet'
2019-11-11 14:28:32.732  INFO 126492 --- [http-nio-9999-exec-1] com.wrh.filter.LogCosFilter              : cost time: 169
2019-11-11 14:29:33.429  INFO 126764 --- [main] com.wrh.MynettyApplication               : Starting MynettyApplication on JT3Q9CAJRJ5FX5M with PID 126764 (started by Administrator in D:\0 pro\mynetty)
2019-11-11 14:29:33.432 DEBUG 126764 --- [main] com.wrh.MynettyApplication               : Running with Spring Boot v2.0.4.RELEASE, Spring v5.0.7.RELEASE
2019-11-11 14:29:33.435  INFO 126764 --- [main] com.wrh.MynettyApplication               : No active profile set, falling back to default profiles: default
2019-11-11 14:29:35.092  INFO 126764 --- [main] o.apache.catalina.core.StandardService   : Starting service [Tomcat]
2019-11-11 14:29:35.092  INFO 126764 --- [main] org.apache.catalina.core.StandardEngine  : Starting Servlet Engine: Apache Tomcat/8.5.32
2019-11-11 14:29:35.096  INFO 126764 --- [localhost-startStop-1] o.a.catalina.core.AprLifecycleListener   : The APR based Apache Tomcat Native library which allows optimal performance in production environments was not found on the java.library.path: [D:\Java\jdk1.8.0_112\bin;C:\windows\Sun\Java\bin;C:\windows\system32;C:\windows;C:\ProgramData\Oracle\Java\javapath;C:\Program Files (x86)\Common Files\NetSarang;C:\windows\system32;C:\windows;C:\windows\System32\Wbem;C:\windows\System32\WindowsPowerShell\v1.0\;C:\Program Files (x86)\AMD\ATI.ACE\Core-Static;C:\Program Files\Intel\WiFi\bin\;C:\Program Files\Common Files\Intel\WirelessCommon\;D:\Program Files (x86)\OpenVPN\bin;D:\green\gradle-2.13\gradle-2.13\bin;D:\Program Files\TortoiseSVN\bin:C:\Users\Administrator\Desktop\bin\bin;C:\Program Files\Git\cmd;D:\Java\apache-maven-3.2.5\bin;C:\Program Files\Java\jdk1.8.0_131\bin;;D:\zookeeper/bin;D:\zookeeper/conf;D:\python\python38\Scripts\;D:\python\python38\;C:\Program Files\Intel\WiFi\bin\;C:\Program Files\Common Files\Intel\WirelessCommon\;C:\Program Files (x86)\CVSNT\;C:\Program Files\Java\jdk1.8.0_131\bin;C:\Program Files\Java\jdk1.8.0_131\jre\bin;%MAVEN_HOME%\bin;D:\Dev\mysql-5.7.11;D:\Program Files\Docker Toolbox;D:\Program Files\Microsoft VS Code\bin;D:\python\PyCharm 2019.2.3\bin;;.]
2019-11-11 14:29:35.255  INFO 126764 --- [localhost-startStop-1] o.a.c.c.C.[.[localhost].[/mynetty]       : Initializing Spring embedded WebApplicationContext
2019-11-11 14:29:35.416  INFO 126764 --- [main] com.wrh.MynettyApplication               : 开始启动服务端的服务!
2019-11-11 14:29:36.279  WARN 126764 --- [main] o.s.b.a.f.FreeMarkerAutoConfiguration    : Cannot find template location(s): [classpath:/templates/] (please add some templates, check your FreeMarker configuration, or set spring.freemarker.checkTemplateLocation=false)
2019-11-11 14:29:36.419  INFO 126764 --- [main] com.wrh.MynettyApplication               : Started MynettyApplication in 4.013 seconds (JVM running for 6.665)
2019-11-11 14:35:59.885  INFO 126304 --- [main] com.wrh.MynettyApplication               : Starting MynettyApplication on JT3Q9CAJRJ5FX5M with PID 126304 (started by Administrator in D:\0 pro\mynetty)
2019-11-11 14:35:59.889 DEBUG 126304 --- [main] com.wrh.MynettyApplication               : Running with Spring Boot v2.0.4.RELEASE, Spring v5.0.7.RELEASE
2019-11-11 14:35:59.891  INFO 126304 --- [main] com.wrh.MynettyApplication               : No active profile set, falling back to default profiles: default
2019-11-11 14:36:01.714  INFO 126304 --- [main] o.apache.catalina.core.StandardService   : Starting service [Tomcat]
2019-11-11 14:36:01.714  INFO 126304 --- [main] org.apache.catalina.core.StandardEngine  : Starting Servlet Engine: Apache Tomcat/8.5.32
2019-11-11 14:36:01.719  INFO 126304 --- [localhost-startStop-1] o.a.catalina.core.AprLifecycleListener   : The APR based Apache Tomcat Native library which allows optimal performance in production environments was not found on the java.library.path: [D:\Java\jdk1.8.0_112\bin;C:\windows\Sun\Java\bin;C:\windows\system32;C:\windows;C:\ProgramData\Oracle\Java\javapath;C:\Program Files (x86)\Common Files\NetSarang;C:\windows\system32;C:\windows;C:\windows\System32\Wbem;C:\windows\System32\WindowsPowerShell\v1.0\;C:\Program Files (x86)\AMD\ATI.ACE\Core-Static;C:\Program Files\Intel\WiFi\bin\;C:\Program Files\Common Files\Intel\WirelessCommon\;D:\Program Files (x86)\OpenVPN\bin;D:\green\gradle-2.13\gradle-2.13\bin;D:\Program Files\TortoiseSVN\bin:C:\Users\Administrator\Desktop\bin\bin;C:\Program Files\Git\cmd;D:\Java\apache-maven-3.2.5\bin;C:\Program Files\Java\jdk1.8.0_131\bin;;D:\zookeeper/bin;D:\zookeeper/conf;D:\python\python38\Scripts\;D:\python\python38\;C:\Program Files\Intel\WiFi\bin\;C:\Program Files\Common Files\Intel\WirelessCommon\;C:\Program Files (x86)\CVSNT\;C:\Program Files\Java\jdk1.8.0_131\bin;C:\Program Files\Java\jdk1.8.0_131\jre\bin;%MAVEN_HOME%\bin;D:\Dev\mysql-5.7.11;D:\Program Files\Docker Toolbox;D:\Program Files\Microsoft VS Code\bin;D:\python\PyCharm 2019.2.3\bin;;.]
2019-11-11 14:36:01.881  INFO 126304 --- [localhost-startStop-1] o.a.c.c.C.[.[localhost].[/mynetty]       : Initializing Spring embedded WebApplicationContext
2019-11-11 14:36:02.045  INFO 126304 --- [main] com.wrh.MynettyApplication               : 开始启动服务端的服务!
2019-11-11 14:36:02.854  WARN 126304 --- [main] o.s.b.a.f.FreeMarkerAutoConfiguration    : Cannot find template location(s): [classpath:/templates/] (please add some templates, check your FreeMarker configuration, or set spring.freemarker.checkTemplateLocation=false)
2019-11-11 14:36:02.993  INFO 126304 --- [main] com.wrh.MynettyApplication               : Started MynettyApplication in 4.487 seconds (JVM running for 7.097)
2019-11-11 14:36:07.081  INFO 126304 --- [http-nio-9999-exec-2] o.a.c.c.C.[.[localhost].[/mynetty]       : Initializing Spring FrameworkServlet 'dispatcherServlet'
2019-11-11 14:36:07.251  INFO 126304 --- [http-nio-9999-exec-2] c.w.a.annotation.AnnotationController    : ===>  controller over
2019-11-11 14:36:07.266  INFO 126304 --- [http-nio-9999-exec-2] com.wrh.filter.LogCosFilter              : cost time: 156
2019-11-11 14:37:53.505  INFO 125160 --- [main] com.wrh.MynettyApplication               : Starting MynettyApplication on JT3Q9CAJRJ5FX5M with PID 125160 (started by Administrator in D:\0 pro\mynetty)
2019-11-11 14:37:53.509 DEBUG 125160 --- [main] com.wrh.MynettyApplication               : Running with Spring Boot v2.0.4.RELEASE, Spring v5.0.7.RELEASE
2019-11-11 14:37:53.511  INFO 125160 --- [main] com.wrh.MynettyApplication               : No active profile set, falling back to default profiles: default
2019-11-11 14:37:56.255  INFO 125160 --- [main] o.apache.catalina.core.StandardService   : Starting service [Tomcat]
2019-11-11 14:37:56.256  INFO 125160 --- [main] org.apache.catalina.core.StandardEngine  : Starting Servlet Engine: Apache Tomcat/8.5.32
2019-11-11 14:37:56.261  INFO 125160 --- [localhost-startStop-1] o.a.catalina.core.AprLifecycleListener   : The APR based Apache Tomcat Native library which allows optimal performance in production environments was not found on the java.library.path: [D:\Java\jdk1.8.0_112\bin;C:\windows\Sun\Java\bin;C:\windows\system32;C:\windows;C:\ProgramData\Oracle\Java\javapath;C:\Program Files (x86)\Common Files\NetSarang;C:\windows\system32;C:\windows;C:\windows\System32\Wbem;C:\windows\System32\WindowsPowerShell\v1.0\;C:\Program Files (x86)\AMD\ATI.ACE\Core-Static;C:\Program Files\Intel\WiFi\bin\;C:\Program Files\Common Files\Intel\WirelessCommon\;D:\Program Files (x86)\OpenVPN\bin;D:\green\gradle-2.13\gradle-2.13\bin;D:\Program Files\TortoiseSVN\bin:C:\Users\Administrator\Desktop\bin\bin;C:\Program Files\Git\cmd;D:\Java\apache-maven-3.2.5\bin;C:\Program Files\Java\jdk1.8.0_131\bin;;D:\zookeeper/bin;D:\zookeeper/conf;D:\python\python38\Scripts\;D:\python\python38\;C:\Program Files\Intel\WiFi\bin\;C:\Program Files\Common Files\Intel\WirelessCommon\;C:\Program Files (x86)\CVSNT\;C:\Program Files\Java\jdk1.8.0_131\bin;C:\Program Files\Java\jdk1.8.0_131\jre\bin;%MAVEN_HOME%\bin;D:\Dev\mysql-5.7.11;D:\Program Files\Docker Toolbox;D:\Program Files\Microsoft VS Code\bin;D:\python\PyCharm 2019.2.3\bin;;.]
2019-11-11 14:37:56.435  INFO 125160 --- [localhost-startStop-1] o.a.c.c.C.[.[localhost].[/mynetty]       : Initializing Spring embedded WebApplicationContext
2019-11-11 14:37:56.622  INFO 125160 --- [main] com.wrh.MynettyApplication               : 开始启动服务端的服务!
2019-11-11 14:37:57.464  WARN 125160 --- [main] o.s.b.a.f.FreeMarkerAutoConfiguration    : Cannot find template location(s): [classpath:/templates/] (please add some templates, check your FreeMarker configuration, or set spring.freemarker.checkTemplateLocation=false)
2019-11-11 14:37:57.611  INFO 125160 --- [main] com.wrh.MynettyApplication               : Started MynettyApplication in 5.111 seconds (JVM running for 7.257)
2019-11-11 14:38:02.510  INFO 125160 --- [http-nio-9999-exec-1] o.a.c.c.C.[.[localhost].[/mynetty]       : Initializing Spring FrameworkServlet 'dispatcherServlet'
2019-11-11 14:38:02.673  INFO 125160 --- [http-nio-9999-exec-1] c.w.a.annotation.AnnotationController    : ===>  controller over
2019-11-11 14:38:02.688  INFO 125160 --- [http-nio-9999-exec-1] com.wrh.filter.LogCosFilter2             : filter2 cost time: 153
2019-11-11 14:38:02.688  INFO 125160 --- [http-nio-9999-exec-1] com.wrh.filter.LogCosFilter              : cost time: 153
2019-11-11 14:38:14.525  INFO 125160 --- [http-nio-9999-exec-5] c.w.a.annotation.AnnotationController    : ===>  controller over
2019-11-11 14:38:14.535  INFO 125160 --- [http-nio-9999-exec-5] com.wrh.filter.LogCosFilter2             : filter2 cost time: 11
2019-11-11 14:38:14.536  INFO 125160 --- [http-nio-9999-exec-5] com.wrh.filter.LogCosFilter              : cost time: 11
2019-11-11 14:38:21.831  INFO 125160 --- [http-nio-9999-exec-6] c.w.a.annotation.AnnotationController    : ===>  controller over
2019-11-11 14:38:21.832  INFO 125160 --- [http-nio-9999-exec-6] com.wrh.filter.LogCosFilter2             : filter2 cost time: 3
2019-11-11 14:38:21.832  INFO 125160 --- [http-nio-9999-exec-6] com.wrh.filter.LogCosFilter              : cost time: 3
2019-11-11 14:38:28.840  INFO 125160 --- [http-nio-9999-exec-3] c.w.a.annotation.AnnotationController    : ===>  controller over
2019-11-11 14:38:28.842  INFO 125160 --- [http-nio-9999-exec-3] com.wrh.filter.LogCosFilter2             : filter2 cost time: 3
2019-11-11 14:38:28.842  INFO 125160 --- [http-nio-9999-exec-3] com.wrh.filter.LogCosFilter              : cost time: 3
2019-11-11 14:38:41.530  INFO 125160 --- [http-nio-9999-exec-4] c.w.a.annotation.AnnotationController    : ===>  controller over
2019-11-11 14:38:41.531  INFO 125160 --- [http-nio-9999-exec-4] com.wrh.filter.LogCosFilter2             : filter2 cost time: 2
2019-11-11 14:38:41.531  INFO 125160 --- [http-nio-9999-exec-4] com.wrh.filter.LogCosFilter              : cost time: 2
2019-11-11 14:51:09.277  INFO 126184 --- [main] com.wrh.MynettyApplication               : Starting MynettyApplication on JT3Q9CAJRJ5FX5M with PID 126184 (started by Administrator in D:\0 pro\mynetty)
2019-11-11 14:51:09.281 DEBUG 126184 --- [main] com.wrh.MynettyApplication               : Running with Spring Boot v2.0.4.RELEASE, Spring v5.0.7.RELEASE
2019-11-11 14:51:09.284  INFO 126184 --- [main] com.wrh.MynettyApplication               : No active profile set, falling back to default profiles: default
2019-11-11 14:51:11.067  INFO 126184 --- [main] o.apache.catalina.core.StandardService   : Starting service [Tomcat]
2019-11-11 14:51:11.068  INFO 126184 --- [main] org.apache.catalina.core.StandardEngine  : Starting Servlet Engine: Apache Tomcat/8.5.32
2019-11-11 14:51:11.072  INFO 126184 --- [localhost-startStop-1] o.a.catalina.core.AprLifecycleListener   : The APR based Apache Tomcat Native library which allows optimal performance in production environments was not found on the java.library.path: [D:\Java\jdk1.8.0_112\bin;C:\windows\Sun\Java\bin;C:\windows\system32;C:\windows;C:\ProgramData\Oracle\Java\javapath;C:\Program Files (x86)\Common Files\NetSarang;C:\windows\system32;C:\windows;C:\windows\System32\Wbem;C:\windows\System32\WindowsPowerShell\v1.0\;C:\Program Files (x86)\AMD\ATI.ACE\Core-Static;C:\Program Files\Intel\WiFi\bin\;C:\Program Files\Common Files\Intel\WirelessCommon\;D:\Program Files (x86)\OpenVPN\bin;D:\green\gradle-2.13\gradle-2.13\bin;D:\Program Files\TortoiseSVN\bin:C:\Users\Administrator\Desktop\bin\bin;C:\Program Files\Git\cmd;D:\Java\apache-maven-3.2.5\bin;C:\Program Files\Java\jdk1.8.0_131\bin;;D:\zookeeper/bin;D:\zookeeper/conf;D:\python\python38\Scripts\;D:\python\python38\;C:\Program Files\Intel\WiFi\bin\;C:\Program Files\Common Files\Intel\WirelessCommon\;C:\Program Files (x86)\CVSNT\;C:\Program Files\Java\jdk1.8.0_131\bin;C:\Program Files\Java\jdk1.8.0_131\jre\bin;%MAVEN_HOME%\bin;D:\Dev\mysql-5.7.11;D:\Program Files\Docker Toolbox;D:\Program Files\Microsoft VS Code\bin;D:\python\PyCharm 2019.2.3\bin;;.]
2019-11-11 14:51:11.227  INFO 126184 --- [localhost-startStop-1] o.a.c.c.C.[.[localhost].[/mynetty]       : Initializing Spring embedded WebApplicationContext
2019-11-11 14:51:11.397  INFO 126184 --- [main] com.wrh.MynettyApplication               : 开始启动服务端的服务!
2019-11-11 14:51:12.179  WARN 126184 --- [main] o.s.b.a.f.FreeMarkerAutoConfiguration    : Cannot find template location(s): [classpath:/templates/] (please add some templates, check your FreeMarker configuration, or set spring.freemarker.checkTemplateLocation=false)
2019-11-11 14:51:12.310  INFO 126184 --- [main] com.wrh.MynettyApplication               : Started MynettyApplication in 4.301 seconds (JVM running for 7.748)
2019-11-11 14:51:18.790  INFO 126184 --- [http-nio-9999-exec-2] o.a.c.c.C.[.[localhost].[/mynetty]       : Initializing Spring FrameworkServlet 'dispatcherServlet'
2019-11-11 14:51:18.961  INFO 126184 --- [http-nio-9999-exec-2] c.w.a.annotation.AnnotationController    : ===>  controller over
2019-11-11 14:51:18.977  INFO 126184 --- [http-nio-9999-exec-2] com.wrh.filter.LogCosFilter2             : filter2 cost time: 157
2019-11-11 14:51:18.977  INFO 126184 --- [http-nio-9999-exec-2] com.wrh.filter.LogCosFilter              : cost time: 157
2019-11-11 14:52:03.155  INFO 126184 --- [http-nio-9999-exec-3] c.w.a.annotation.AnnotationController    : ===>  controller over
2019-11-11 14:52:03.158  INFO 126184 --- [http-nio-9999-exec-3] com.wrh.filter.LogCosFilter2             : filter2 cost time: 4
2019-11-11 14:52:03.158  INFO 126184 --- [http-nio-9999-exec-3] com.wrh.filter.LogCosFilter              : cost time: 4
2019-11-11 14:52:43.103  INFO 125828 --- [main] com.wrh.MynettyApplication               : Starting MynettyApplication on JT3Q9CAJRJ5FX5M with PID 125828 (started by Administrator in D:\0 pro\mynetty)
2019-11-11 14:52:43.106 DEBUG 125828 --- [main] com.wrh.MynettyApplication               : Running with Spring Boot v2.0.4.RELEASE, Spring v5.0.7.RELEASE
2019-11-11 14:52:43.109  INFO 125828 --- [main] com.wrh.MynettyApplication               : No active profile set, falling back to default profiles: default
2019-11-11 14:52:44.822  INFO 125828 --- [main] o.apache.catalina.core.StandardService   : Starting service [Tomcat]
2019-11-11 14:52:44.823  INFO 125828 --- [main] org.apache.catalina.core.StandardEngine  : Starting Servlet Engine: Apache Tomcat/8.5.32
2019-11-11 14:52:44.827  INFO 125828 --- [localhost-startStop-1] o.a.catalina.core.AprLifecycleListener   : The APR based Apache Tomcat Native library which allows optimal performance in production environments was not found on the java.library.path: [D:\Java\jdk1.8.0_112\bin;C:\windows\Sun\Java\bin;C:\windows\system32;C:\windows;C:\ProgramData\Oracle\Java\javapath;C:\Program Files (x86)\Common Files\NetSarang;C:\windows\system32;C:\windows;C:\windows\System32\Wbem;C:\windows\System32\WindowsPowerShell\v1.0\;C:\Program Files (x86)\AMD\ATI.ACE\Core-Static;C:\Program Files\Intel\WiFi\bin\;C:\Program Files\Common Files\Intel\WirelessCommon\;D:\Program Files (x86)\OpenVPN\bin;D:\green\gradle-2.13\gradle-2.13\bin;D:\Program Files\TortoiseSVN\bin:C:\Users\Administrator\Desktop\bin\bin;C:\Program Files\Git\cmd;D:\Java\apache-maven-3.2.5\bin;C:\Program Files\Java\jdk1.8.0_131\bin;;D:\zookeeper/bin;D:\zookeeper/conf;D:\python\python38\Scripts\;D:\python\python38\;C:\Program Files\Intel\WiFi\bin\;C:\Program Files\Common Files\Intel\WirelessCommon\;C:\Program Files (x86)\CVSNT\;C:\Program Files\Java\jdk1.8.0_131\bin;C:\Program Files\Java\jdk1.8.0_131\jre\bin;%MAVEN_HOME%\bin;D:\Dev\mysql-5.7.11;D:\Program Files\Docker Toolbox;D:\Program Files\Microsoft VS Code\bin;D:\python\PyCharm 2019.2.3\bin;;.]
2019-11-11 14:52:44.983  INFO 125828 --- [localhost-startStop-1] o.a.c.c.C.[.[localhost].[/mynetty]       : Initializing Spring embedded WebApplicationContext
2019-11-11 14:52:45.145  INFO 125828 --- [main] com.wrh.MynettyApplication               : 开始启动服务端的服务!
2019-11-11 14:52:46.082  WARN 125828 --- [main] o.s.b.a.f.FreeMarkerAutoConfiguration    : Cannot find template location(s): [classpath:/templates/] (please add some templates, check your FreeMarker configuration, or set spring.freemarker.checkTemplateLocation=false)
2019-11-11 14:52:46.316  INFO 125828 --- [main] com.wrh.MynettyApplication               : Started MynettyApplication in 5.247 seconds (JVM running for 7.768)
2019-11-11 14:57:13.979  INFO 120248 --- [main] com.wrh.MynettyApplication               : Starting MynettyApplication on JT3Q9CAJRJ5FX5M with PID 120248 (started by Administrator in D:\0 pro\mynetty)
2019-11-11 14:57:13.983 DEBUG 120248 --- [main] com.wrh.MynettyApplication               : Running with Spring Boot v2.0.4.RELEASE, Spring v5.0.7.RELEASE
2019-11-11 14:57:13.984  INFO 120248 --- [main] com.wrh.MynettyApplication               : No active profile set, falling back to default profiles: default
2019-11-11 14:57:15.855  INFO 120248 --- [main] o.apache.catalina.core.StandardService   : Starting service [Tomcat]
2019-11-11 14:57:15.855  INFO 120248 --- [main] org.apache.catalina.core.StandardEngine  : Starting Servlet Engine: Apache Tomcat/8.5.32
2019-11-11 14:57:15.860  INFO 120248 --- [localhost-startStop-1] o.a.catalina.core.AprLifecycleListener   : The APR based Apache Tomcat Native library which allows optimal performance in production environments was not found on the java.library.path: [D:\Java\jdk1.8.0_112\bin;C:\windows\Sun\Java\bin;C:\windows\system32;C:\windows;C:\ProgramData\Oracle\Java\javapath;C:\Program Files (x86)\Common Files\NetSarang;C:\windows\system32;C:\windows;C:\windows\System32\Wbem;C:\windows\System32\WindowsPowerShell\v1.0\;C:\Program Files (x86)\AMD\ATI.ACE\Core-Static;C:\Program Files\Intel\WiFi\bin\;C:\Program Files\Common Files\Intel\WirelessCommon\;D:\Program Files (x86)\OpenVPN\bin;D:\green\gradle-2.13\gradle-2.13\bin;D:\Program Files\TortoiseSVN\bin:C:\Users\Administrator\Desktop\bin\bin;C:\Program Files\Git\cmd;D:\Java\apache-maven-3.2.5\bin;C:\Program Files\Java\jdk1.8.0_131\bin;;D:\zookeeper/bin;D:\zookeeper/conf;D:\python\python38\Scripts\;D:\python\python38\;C:\Program Files\Intel\WiFi\bin\;C:\Program Files\Common Files\Intel\WirelessCommon\;C:\Program Files (x86)\CVSNT\;C:\Program Files\Java\jdk1.8.0_131\bin;C:\Program Files\Java\jdk1.8.0_131\jre\bin;%MAVEN_HOME%\bin;D:\Dev\mysql-5.7.11;D:\Program Files\Docker Toolbox;D:\Program Files\Microsoft VS Code\bin;D:\python\PyCharm 2019.2.3\bin;;.]
2019-11-11 14:57:16.014  INFO 120248 --- [localhost-startStop-1] o.a.c.c.C.[.[localhost].[/mynetty]       : Initializing Spring embedded WebApplicationContext
2019-11-11 14:57:16.176  INFO 120248 --- [main] com.wrh.MynettyApplication               : 开始启动服务端的服务!
2019-11-11 14:57:16.984  WARN 120248 --- [main] o.s.b.a.f.FreeMarkerAutoConfiguration    : Cannot find template location(s): [classpath:/templates/] (please add some templates, check your FreeMarker configuration, or set spring.freemarker.checkTemplateLocation=false)
2019-11-11 14:57:17.115  INFO 120248 --- [main] com.wrh.MynettyApplication               : Started MynettyApplication in 4.157 seconds (JVM running for 6.436)
2019-11-11 14:57:24.287  INFO 120248 --- [http-nio-9999-exec-1] o.a.c.c.C.[.[localhost].[/mynetty]       : Initializing Spring FrameworkServlet 'dispatcherServlet'
2019-11-11 14:57:24.460  INFO 120248 --- [http-nio-9999-exec-1] c.w.a.annotation.AnnotationController    : ===>  controller over
2019-11-11 14:57:24.476  INFO 120248 --- [http-nio-9999-exec-1] com.wrh.filter.LogCosFilter2             : filter2 cost time: 161
2019-11-11 14:57:24.476  INFO 120248 --- [http-nio-9999-exec-1] com.wrh.filter.LogCosFilter              : cost time: 161
2019-11-11 14:58:09.404  INFO 127212 --- [main] com.wrh.MynettyApplication               : Starting MynettyApplication on JT3Q9CAJRJ5FX5M with PID 127212 (started by Administrator in D:\0 pro\mynetty)
2019-11-11 14:58:09.462 DEBUG 127212 --- [main] com.wrh.MynettyApplication               : Running with Spring Boot v2.0.4.RELEASE, Spring v5.0.7.RELEASE
2019-11-11 14:58:09.464  INFO 127212 --- [main] com.wrh.MynettyApplication               : No active profile set, falling back to default profiles: default
2019-11-11 14:58:11.045  INFO 127212 --- [main] o.apache.catalina.core.StandardService   : Starting service [Tomcat]
2019-11-11 14:58:11.045  INFO 127212 --- [main] org.apache.catalina.core.StandardEngine  : Starting Servlet Engine: Apache Tomcat/8.5.32
2019-11-11 14:58:11.049  INFO 127212 --- [localhost-startStop-1] o.a.catalina.core.AprLifecycleListener   : The APR based Apache Tomcat Native library which allows optimal performance in production environments was not found on the java.library.path: [D:\Java\jdk1.8.0_112\bin;C:\windows\Sun\Java\bin;C:\windows\system32;C:\windows;C:\ProgramData\Oracle\Java\javapath;C:\Program Files (x86)\Common Files\NetSarang;C:\windows\system32;C:\windows;C:\windows\System32\Wbem;C:\windows\System32\WindowsPowerShell\v1.0\;C:\Program Files (x86)\AMD\ATI.ACE\Core-Static;C:\Program Files\Intel\WiFi\bin\;C:\Program Files\Common Files\Intel\WirelessCommon\;D:\Program Files (x86)\OpenVPN\bin;D:\green\gradle-2.13\gradle-2.13\bin;D:\Program Files\TortoiseSVN\bin:C:\Users\Administrator\Desktop\bin\bin;C:\Program Files\Git\cmd;D:\Java\apache-maven-3.2.5\bin;C:\Program Files\Java\jdk1.8.0_131\bin;;D:\zookeeper/bin;D:\zookeeper/conf;D:\python\python38\Scripts\;D:\python\python38\;C:\Program Files\Intel\WiFi\bin\;C:\Program Files\Common Files\Intel\WirelessCommon\;C:\Program Files (x86)\CVSNT\;C:\Program Files\Java\jdk1.8.0_131\bin;C:\Program Files\Java\jdk1.8.0_131\jre\bin;%MAVEN_HOME%\bin;D:\Dev\mysql-5.7.11;D:\Program Files\Docker Toolbox;D:\Program Files\Microsoft VS Code\bin;D:\python\PyCharm 2019.2.3\bin;;.]
2019-11-11 14:58:11.196  INFO 127212 --- [localhost-startStop-1] o.a.c.c.C.[.[localhost].[/mynetty]       : Initializing Spring embedded WebApplicationContext
2019-11-11 14:58:11.359  INFO 127212 --- [main] com.wrh.MynettyApplication               : 开始启动服务端的服务!
2019-11-11 14:58:12.126  WARN 127212 --- [main] o.s.b.a.f.FreeMarkerAutoConfiguration    : Cannot find template location(s): [classpath:/templates/] (please add some templates, check your FreeMarker configuration, or set spring.freemarker.checkTemplateLocation=false)
2019-11-11 14:58:12.261  INFO 127212 --- [main] com.wrh.MynettyApplication               : Started MynettyApplication in 3.61 seconds (JVM running for 6.226)
2019-11-11 14:58:17.816  INFO 127212 --- [http-nio-9999-exec-1] o.a.c.c.C.[.[localhost].[/mynetty]       : Initializing Spring FrameworkServlet 'dispatcherServlet'
2019-11-11 14:58:17.997  INFO 127212 --- [http-nio-9999-exec-1] c.w.a.annotation.AnnotationController    : ===>  controller over
2019-11-11 14:58:18.012  INFO 127212 --- [http-nio-9999-exec-1] com.wrh.filter.LogCosFilter2             : filter2 cost time: 168
2019-11-11 14:58:18.012  INFO 127212 --- [http-nio-9999-exec-1] com.wrh.filter.LogCosFilter              : cost time: 168
2019-11-11 15:03:01.766  INFO 127120 --- [main] com.wrh.MynettyApplication               : Starting MynettyApplication on JT3Q9CAJRJ5FX5M with PID 127120 (started by Administrator in D:\0 pro\mynetty)
2019-11-11 15:03:01.770 DEBUG 127120 --- [main] com.wrh.MynettyApplication               : Running with Spring Boot v2.0.4.RELEASE, Spring v5.0.7.RELEASE
2019-11-11 15:03:01.772  INFO 127120 --- [main] com.wrh.MynettyApplication               : No active profile set, falling back to default profiles: default
2019-11-11 15:03:03.408  INFO 127120 --- [main] o.apache.catalina.core.StandardService   : Starting service [Tomcat]
2019-11-11 15:03:03.409  INFO 127120 --- [main] org.apache.catalina.core.StandardEngine  : Starting Servlet Engine: Apache Tomcat/8.5.32
2019-11-11 15:03:03.413  INFO 127120 --- [localhost-startStop-1] o.a.catalina.core.AprLifecycleListener   : The APR based Apache Tomcat Native library which allows optimal performance in production environments was not found on the java.library.path: [D:\Java\jdk1.8.0_112\bin;C:\windows\Sun\Java\bin;C:\windows\system32;C:\windows;C:\ProgramData\Oracle\Java\javapath;C:\Program Files (x86)\Common Files\NetSarang;C:\windows\system32;C:\windows;C:\windows\System32\Wbem;C:\windows\System32\WindowsPowerShell\v1.0\;C:\Program Files (x86)\AMD\ATI.ACE\Core-Static;C:\Program Files\Intel\WiFi\bin\;C:\Program Files\Common Files\Intel\WirelessCommon\;D:\Program Files (x86)\OpenVPN\bin;D:\green\gradle-2.13\gradle-2.13\bin;D:\Program Files\TortoiseSVN\bin:C:\Users\Administrator\Desktop\bin\bin;C:\Program Files\Git\cmd;D:\Java\apache-maven-3.2.5\bin;C:\Program Files\Java\jdk1.8.0_131\bin;;D:\zookeeper/bin;D:\zookeeper/conf;D:\python\python38\Scripts\;D:\python\python38\;C:\Program Files\Intel\WiFi\bin\;C:\Program Files\Common Files\Intel\WirelessCommon\;C:\Program Files (x86)\CVSNT\;C:\Program Files\Java\jdk1.8.0_131\bin;C:\Program Files\Java\jdk1.8.0_131\jre\bin;%MAVEN_HOME%\bin;D:\Dev\mysql-5.7.11;D:\Program Files\Docker Toolbox;D:\Program Files\Microsoft VS Code\bin;D:\python\PyCharm 2019.2.3\bin;;.]
2019-11-11 15:03:03.554  INFO 127120 --- [localhost-startStop-1] o.a.c.c.C.[.[localhost].[/mynetty]       : Initializing Spring embedded WebApplicationContext
2019-11-11 15:03:03.724  INFO 127120 --- [main] com.wrh.MynettyApplication               : 开始启动服务端的服务!
2019-11-11 15:03:04.528  WARN 127120 --- [main] o.s.b.a.f.FreeMarkerAutoConfiguration    : Cannot find template location(s): [classpath:/templates/] (please add some templates, check your FreeMarker configuration, or set spring.freemarker.checkTemplateLocation=false)
2019-11-11 15:03:04.663  INFO 127120 --- [main] com.wrh.MynettyApplication               : Started MynettyApplication in 4.214 seconds (JVM running for 6.292)
2019-11-11 15:03:12.484  INFO 127120 --- [http-nio-9999-exec-2] o.a.c.c.C.[.[localhost].[/mynetty]       : Initializing Spring FrameworkServlet 'dispatcherServlet'
2019-11-11 15:03:12.656  INFO 127120 --- [http-nio-9999-exec-2] c.w.a.annotation.AnnotationController    : ===>  controller over
2019-11-11 15:03:12.673  INFO 127120 --- [http-nio-9999-exec-2] com.wrh.filter.LogCosFilter2             : filter2 cost time: 161
2019-11-11 15:03:12.674  INFO 127120 --- [http-nio-9999-exec-2] com.wrh.filter.LogCosFilter              : cost time: 162
2019-11-11 15:04:38.077  INFO 127432 --- [main] com.wrh.MynettyApplication               : Starting MynettyApplication on JT3Q9CAJRJ5FX5M with PID 127432 (started by Administrator in D:\0 pro\mynetty)
2019-11-11 15:04:38.081 DEBUG 127432 --- [main] com.wrh.MynettyApplication               : Running with Spring Boot v2.0.4.RELEASE, Spring v5.0.7.RELEASE
2019-11-11 15:04:38.084  INFO 127432 --- [main] com.wrh.MynettyApplication               : No active profile set, falling back to default profiles: default
2019-11-11 15:04:39.767  INFO 127432 --- [main] o.apache.catalina.core.StandardService   : Starting service [Tomcat]
2019-11-11 15:04:39.767  INFO 127432 --- [main] org.apache.catalina.core.StandardEngine  : Starting Servlet Engine: Apache Tomcat/8.5.32
2019-11-11 15:04:39.772  INFO 127432 --- [localhost-startStop-1] o.a.catalina.core.AprLifecycleListener   : The APR based Apache Tomcat Native library which allows optimal performance in production environments was not found on the java.library.path: [D:\Java\jdk1.8.0_112\bin;C:\windows\Sun\Java\bin;C:\windows\system32;C:\windows;C:\ProgramData\Oracle\Java\javapath;C:\Program Files (x86)\Common Files\NetSarang;C:\windows\system32;C:\windows;C:\windows\System32\Wbem;C:\windows\System32\WindowsPowerShell\v1.0\;C:\Program Files (x86)\AMD\ATI.ACE\Core-Static;C:\Program Files\Intel\WiFi\bin\;C:\Program Files\Common Files\Intel\WirelessCommon\;D:\Program Files (x86)\OpenVPN\bin;D:\green\gradle-2.13\gradle-2.13\bin;D:\Program Files\TortoiseSVN\bin:C:\Users\Administrator\Desktop\bin\bin;C:\Program Files\Git\cmd;D:\Java\apache-maven-3.2.5\bin;C:\Program Files\Java\jdk1.8.0_131\bin;;D:\zookeeper/bin;D:\zookeeper/conf;D:\python\python38\Scripts\;D:\python\python38\;C:\Program Files\Intel\WiFi\bin\;C:\Program Files\Common Files\Intel\WirelessCommon\;C:\Program Files (x86)\CVSNT\;C:\Program Files\Java\jdk1.8.0_131\bin;C:\Program Files\Java\jdk1.8.0_131\jre\bin;%MAVEN_HOME%\bin;D:\Dev\mysql-5.7.11;D:\Program Files\Docker Toolbox;D:\Program Files\Microsoft VS Code\bin;D:\python\PyCharm 2019.2.3\bin;;.]
2019-11-11 15:04:39.917  INFO 127432 --- [localhost-startStop-1] o.a.c.c.C.[.[localhost].[/mynetty]       : Initializing Spring embedded WebApplicationContext
2019-11-11 15:04:40.078  INFO 127432 --- [main] com.wrh.MynettyApplication               : 开始启动服务端的服务!
2019-11-11 15:04:40.902  WARN 127432 --- [main] o.s.b.a.f.FreeMarkerAutoConfiguration    : Cannot find template location(s): [classpath:/templates/] (please add some templates, check your FreeMarker configuration, or set spring.freemarker.checkTemplateLocation=false)
2019-11-11 15:04:41.044  INFO 127432 --- [main] com.wrh.MynettyApplication               : Started MynettyApplication in 4.199 seconds (JVM running for 6.423)
2019-11-11 15:04:44.422  INFO 127432 --- [http-nio-9999-exec-2] o.a.c.c.C.[.[localhost].[/mynetty]       : Initializing Spring FrameworkServlet 'dispatcherServlet'
2019-11-11 15:04:44.590  INFO 127432 --- [http-nio-9999-exec-2] c.w.a.annotation.AnnotationController    : ===>  controller over
2019-11-11 15:04:44.604  INFO 127432 --- [http-nio-9999-exec-2] com.wrh.filter.LogCosFilter2             : filter2 cost time: 154
2019-11-11 15:04:44.605  INFO 127432 --- [http-nio-9999-exec-2] com.wrh.filter.LogCosFilter              : cost time: 155
2019-11-11 15:05:21.846  INFO 126928 --- [main] com.wrh.MynettyApplication               : Starting MynettyApplication on JT3Q9CAJRJ5FX5M with PID 126928 (started by Administrator in D:\0 pro\mynetty)
2019-11-11 15:05:21.848 DEBUG 126928 --- [main] com.wrh.MynettyApplication               : Running with Spring Boot v2.0.4.RELEASE, Spring v5.0.7.RELEASE
2019-11-11 15:05:21.849  INFO 126928 --- [main] com.wrh.MynettyApplication               : No active profile set, falling back to default profiles: default
2019-11-11 15:05:23.438  INFO 126928 --- [main] o.apache.catalina.core.StandardService   : Starting service [Tomcat]
2019-11-11 15:05:23.439  INFO 126928 --- [main] org.apache.catalina.core.StandardEngine  : Starting Servlet Engine: Apache Tomcat/8.5.32
2019-11-11 15:05:23.443  INFO 126928 --- [localhost-startStop-1] o.a.catalina.core.AprLifecycleListener   : The APR based Apache Tomcat Native library which allows optimal performance in production environments was not found on the java.library.path: [D:\Java\jdk1.8.0_112\bin;C:\windows\Sun\Java\bin;C:\windows\system32;C:\windows;C:\ProgramData\Oracle\Java\javapath;C:\Program Files (x86)\Common Files\NetSarang;C:\windows\system32;C:\windows;C:\windows\System32\Wbem;C:\windows\System32\WindowsPowerShell\v1.0\;C:\Program Files (x86)\AMD\ATI.ACE\Core-Static;C:\Program Files\Intel\WiFi\bin\;C:\Program Files\Common Files\Intel\WirelessCommon\;D:\Program Files (x86)\OpenVPN\bin;D:\green\gradle-2.13\gradle-2.13\bin;D:\Program Files\TortoiseSVN\bin:C:\Users\Administrator\Desktop\bin\bin;C:\Program Files\Git\cmd;D:\Java\apache-maven-3.2.5\bin;C:\Program Files\Java\jdk1.8.0_131\bin;;D:\zookeeper/bin;D:\zookeeper/conf;D:\python\python38\Scripts\;D:\python\python38\;C:\Program Files\Intel\WiFi\bin\;C:\Program Files\Common Files\Intel\WirelessCommon\;C:\Program Files (x86)\CVSNT\;C:\Program Files\Java\jdk1.8.0_131\bin;C:\Program Files\Java\jdk1.8.0_131\jre\bin;%MAVEN_HOME%\bin;D:\Dev\mysql-5.7.11;D:\Program Files\Docker Toolbox;D:\Program Files\Microsoft VS Code\bin;D:\python\PyCharm 2019.2.3\bin;;.]
2019-11-11 15:05:23.586  INFO 126928 --- [localhost-startStop-1] o.a.c.c.C.[.[localhost].[/mynetty]       : Initializing Spring embedded WebApplicationContext
2019-11-11 15:05:23.755  INFO 126928 --- [main] com.wrh.MynettyApplication               : 开始启动服务端的服务!
2019-11-11 15:05:24.567  WARN 126928 --- [main] o.s.b.a.f.FreeMarkerAutoConfiguration    : Cannot find template location(s): [classpath:/templates/] (please add some templates, check your FreeMarker configuration, or set spring.freemarker.checkTemplateLocation=false)
2019-11-11 15:05:24.699  INFO 126928 --- [main] com.wrh.MynettyApplication               : Started MynettyApplication in 3.807 seconds (JVM running for 6.576)
2019-11-11 15:05:29.586  INFO 126928 --- [http-nio-9999-exec-1] o.a.c.c.C.[.[localhost].[/mynetty]       : Initializing Spring FrameworkServlet 'dispatcherServlet'
2019-11-11 15:05:29.761  INFO 126928 --- [http-nio-9999-exec-1] c.w.a.annotation.AnnotationController    : ===>  controller over
2019-11-11 15:05:29.777  INFO 126928 --- [http-nio-9999-exec-1] com.wrh.filter.LogCosFilter2             : filter2 cost time: 155
2019-11-11 15:05:29.778  INFO 126928 --- [http-nio-9999-exec-1] com.wrh.filter.LogCosFilter              : cost time: 157
2019-11-11 15:07:06.295  INFO 127456 --- [main] com.wrh.MynettyApplication               : Starting MynettyApplication on JT3Q9CAJRJ5FX5M with PID 127456 (started by Administrator in D:\0 pro\mynetty)
2019-11-11 15:07:06.298 DEBUG 127456 --- [main] com.wrh.MynettyApplication               : Running with Spring Boot v2.0.4.RELEASE, Spring v5.0.7.RELEASE
2019-11-11 15:07:06.301  INFO 127456 --- [main] com.wrh.MynettyApplication               : No active profile set, falling back to default profiles: default
2019-11-11 15:07:07.874  INFO 127456 --- [main] o.apache.catalina.core.StandardService   : Starting service [Tomcat]
2019-11-11 15:07:07.874  INFO 127456 --- [main] org.apache.catalina.core.StandardEngine  : Starting Servlet Engine: Apache Tomcat/8.5.32
2019-11-11 15:07:07.878  INFO 127456 --- [localhost-startStop-1] o.a.catalina.core.AprLifecycleListener   : The APR based Apache Tomcat Native library which allows optimal performance in production environments was not found on the java.library.path: [D:\Java\jdk1.8.0_112\bin;C:\windows\Sun\Java\bin;C:\windows\system32;C:\windows;C:\ProgramData\Oracle\Java\javapath;C:\Program Files (x86)\Common Files\NetSarang;C:\windows\system32;C:\windows;C:\windows\System32\Wbem;C:\windows\System32\WindowsPowerShell\v1.0\;C:\Program Files (x86)\AMD\ATI.ACE\Core-Static;C:\Program Files\Intel\WiFi\bin\;C:\Program Files\Common Files\Intel\WirelessCommon\;D:\Program Files (x86)\OpenVPN\bin;D:\green\gradle-2.13\gradle-2.13\bin;D:\Program Files\TortoiseSVN\bin:C:\Users\Administrator\Desktop\bin\bin;C:\Program Files\Git\cmd;D:\Java\apache-maven-3.2.5\bin;C:\Program Files\Java\jdk1.8.0_131\bin;;D:\zookeeper/bin;D:\zookeeper/conf;D:\python\python38\Scripts\;D:\python\python38\;C:\Program Files\Intel\WiFi\bin\;C:\Program Files\Common Files\Intel\WirelessCommon\;C:\Program Files (x86)\CVSNT\;C:\Program Files\Java\jdk1.8.0_131\bin;C:\Program Files\Java\jdk1.8.0_131\jre\bin;%MAVEN_HOME%\bin;D:\Dev\mysql-5.7.11;D:\Program Files\Docker Toolbox;D:\Program Files\Microsoft VS Code\bin;D:\python\PyCharm 2019.2.3\bin;;.]
2019-11-11 15:07:08.028  INFO 127456 --- [localhost-startStop-1] o.a.c.c.C.[.[localhost].[/mynetty]       : Initializing Spring embedded WebApplicationContext
2019-11-11 15:07:08.212  INFO 127456 --- [main] com.wrh.MynettyApplication               : 开始启动服务端的服务!
2019-11-11 15:07:09.002  WARN 127456 --- [main] o.s.b.a.f.FreeMarkerAutoConfiguration    : Cannot find template location(s): [classpath:/templates/] (please add some templates, check your FreeMarker configuration, or set spring.freemarker.checkTemplateLocation=false)
2019-11-11 15:07:09.153  INFO 127456 --- [main] com.wrh.MynettyApplication               : Started MynettyApplication in 4.019 seconds (JVM running for 6.395)
2019-11-11 15:07:14.602  INFO 127456 --- [http-nio-9999-exec-2] o.a.c.c.C.[.[localhost].[/mynetty]       : Initializing Spring FrameworkServlet 'dispatcherServlet'
2019-11-11 15:07:14.771  INFO 127456 --- [http-nio-9999-exec-2] c.w.a.annotation.AnnotationController    : ===>  controller over
2019-11-11 15:07:14.786  INFO 127456 --- [http-nio-9999-exec-2] com.wrh.filter.LogCosFilter2             : filter2 cost time: 154
2019-11-11 15:07:14.786  INFO 127456 --- [http-nio-9999-exec-2] com.wrh.filter.LogCosFilter              : cost time: 154
2019-11-11 15:07:49.973  INFO 127716 --- [main] com.wrh.MynettyApplication               : Starting MynettyApplication on JT3Q9CAJRJ5FX5M with PID 127716 (started by Administrator in D:\0 pro\mynetty)
2019-11-11 15:07:50.161 DEBUG 127716 --- [main] com.wrh.MynettyApplication               : Running with Spring Boot v2.0.4.RELEASE, Spring v5.0.7.RELEASE
2019-11-11 15:07:50.164  INFO 127716 --- [main] com.wrh.MynettyApplication               : No active profile set, falling back to default profiles: default
2019-11-11 15:07:52.101  INFO 127716 --- [main] o.apache.catalina.core.StandardService   : Starting service [Tomcat]
2019-11-11 15:07:52.102  INFO 127716 --- [main] org.apache.catalina.core.StandardEngine  : Starting Servlet Engine: Apache Tomcat/8.5.32
2019-11-11 15:07:52.107  INFO 127716 --- [localhost-startStop-1] o.a.catalina.core.AprLifecycleListener   : The APR based Apache Tomcat Native library which allows optimal performance in production environments was not found on the java.library.path: [D:\Java\jdk1.8.0_112\bin;C:\windows\Sun\Java\bin;C:\windows\system32;C:\windows;C:\ProgramData\Oracle\Java\javapath;C:\Program Files (x86)\Common Files\NetSarang;C:\windows\system32;C:\windows;C:\windows\System32\Wbem;C:\windows\System32\WindowsPowerShell\v1.0\;C:\Program Files (x86)\AMD\ATI.ACE\Core-Static;C:\Program Files\Intel\WiFi\bin\;C:\Program Files\Common Files\Intel\WirelessCommon\;D:\Program Files (x86)\OpenVPN\bin;D:\green\gradle-2.13\gradle-2.13\bin;D:\Program Files\TortoiseSVN\bin:C:\Users\Administrator\Desktop\bin\bin;C:\Program Files\Git\cmd;D:\Java\apache-maven-3.2.5\bin;C:\Program Files\Java\jdk1.8.0_131\bin;;D:\zookeeper/bin;D:\zookeeper/conf;D:\python\python38\Scripts\;D:\python\python38\;C:\Program Files\Intel\WiFi\bin\;C:\Program Files\Common Files\Intel\WirelessCommon\;C:\Program Files (x86)\CVSNT\;C:\Program Files\Java\jdk1.8.0_131\bin;C:\Program Files\Java\jdk1.8.0_131\jre\bin;%MAVEN_HOME%\bin;D:\Dev\mysql-5.7.11;D:\Program Files\Docker Toolbox;D:\Program Files\Microsoft VS Code\bin;D:\python\PyCharm 2019.2.3\bin;;.]
2019-11-11 15:07:52.297  INFO 127716 --- [localhost-startStop-1] o.a.c.c.C.[.[localhost].[/mynetty]       : Initializing Spring embedded WebApplicationContext
2019-11-11 15:07:52.456  INFO 127716 --- [main] com.wrh.MynettyApplication               : 开始启动服务端的服务!
2019-11-11 15:07:53.095  WARN 127716 --- [main] o.s.b.a.f.FreeMarkerAutoConfiguration    : Cannot find template location(s): [classpath:/templates/] (please add some templates, check your FreeMarker configuration, or set spring.freemarker.checkTemplateLocation=false)
2019-11-11 15:07:53.372  INFO 127716 --- [main] com.wrh.MynettyApplication               : Started MynettyApplication in 4.428 seconds (JVM running for 6.442)
2019-11-11 15:08:06.196  INFO 127716 --- [http-nio-9999-exec-2] o.a.c.c.C.[.[localhost].[/mynetty]       : Initializing Spring FrameworkServlet 'dispatcherServlet'
2019-11-11 15:08:06.362  INFO 127716 --- [http-nio-9999-exec-2] c.w.a.annotation.AnnotationController    : ===>  controller over
2019-11-11 15:08:06.378  INFO 127716 --- [http-nio-9999-exec-2] com.wrh.filter.LogCosFilter2             : filter2 cost time: 157
2019-11-11 15:08:06.378  INFO 127716 --- [http-nio-9999-exec-2] com.wrh.filter.LogCosFilter              : cost time: 158
2019-11-11 15:08:31.843  INFO 127148 --- [main] com.wrh.MynettyApplication               : Starting MynettyApplication on JT3Q9CAJRJ5FX5M with PID 127148 (started by Administrator in D:\0 pro\mynetty)
2019-11-11 15:08:31.847 DEBUG 127148 --- [main] com.wrh.MynettyApplication               : Running with Spring Boot v2.0.4.RELEASE, Spring v5.0.7.RELEASE
2019-11-11 15:08:31.849  INFO 127148 --- [main] com.wrh.MynettyApplication               : No active profile set, falling back to default profiles: default
2019-11-11 15:08:34.327  INFO 127148 --- [main] o.apache.catalina.core.StandardService   : Starting service [Tomcat]
2019-11-11 15:08:34.328  INFO 127148 --- [main] org.apache.catalina.core.StandardEngine  : Starting Servlet Engine: Apache Tomcat/8.5.32
2019-11-11 15:08:34.333  INFO 127148 --- [localhost-startStop-1] o.a.catalina.core.AprLifecycleListener   : The APR based Apache Tomcat Native library which allows optimal performance in production environments was not found on the java.library.path: [D:\Java\jdk1.8.0_112\bin;C:\windows\Sun\Java\bin;C:\windows\system32;C:\windows;C:\ProgramData\Oracle\Java\javapath;C:\Program Files (x86)\Common Files\NetSarang;C:\windows\system32;C:\windows;C:\windows\System32\Wbem;C:\windows\System32\WindowsPowerShell\v1.0\;C:\Program Files (x86)\AMD\ATI.ACE\Core-Static;C:\Program Files\Intel\WiFi\bin\;C:\Program Files\Common Files\Intel\WirelessCommon\;D:\Program Files (x86)\OpenVPN\bin;D:\green\gradle-2.13\gradle-2.13\bin;D:\Program Files\TortoiseSVN\bin:C:\Users\Administrator\Desktop\bin\bin;C:\Program Files\Git\cmd;D:\Java\apache-maven-3.2.5\bin;C:\Program Files\Java\jdk1.8.0_131\bin;;D:\zookeeper/bin;D:\zookeeper/conf;D:\python\python38\Scripts\;D:\python\python38\;C:\Program Files\Intel\WiFi\bin\;C:\Program Files\Common Files\Intel\WirelessCommon\;C:\Program Files (x86)\CVSNT\;C:\Program Files\Java\jdk1.8.0_131\bin;C:\Program Files\Java\jdk1.8.0_131\jre\bin;%MAVEN_HOME%\bin;D:\Dev\mysql-5.7.11;D:\Program Files\Docker Toolbox;D:\Program Files\Microsoft VS Code\bin;D:\python\PyCharm 2019.2.3\bin;;.]
2019-11-11 15:08:34.545  INFO 127148 --- [localhost-startStop-1] o.a.c.c.C.[.[localhost].[/mynetty]       : Initializing Spring embedded WebApplicationContext
2019-11-11 15:08:34.874  INFO 127148 --- [main] com.wrh.MynettyApplication               : 开始启动服务端的服务!
2019-11-11 15:08:36.070  WARN 127148 --- [main] o.s.b.a.f.FreeMarkerAutoConfiguration    : Cannot find template location(s): [classpath:/templates/] (please add some templates, check your FreeMarker configuration, or set spring.freemarker.checkTemplateLocation=false)
2019-11-11 15:08:36.234  INFO 127148 --- [main] com.wrh.MynettyApplication               : Started MynettyApplication in 5.916 seconds (JVM running for 9.111)
2019-11-11 15:08:50.207  INFO 127148 --- [http-nio-9999-exec-2] o.a.c.c.C.[.[localhost].[/mynetty]       : Initializing Spring FrameworkServlet 'dispatcherServlet'
2019-11-11 15:08:50.376  INFO 127148 --- [http-nio-9999-exec-2] c.w.a.annotation.AnnotationController    : ===>  controller over
2019-11-11 15:08:50.394  INFO 127148 --- [http-nio-9999-exec-2] com.wrh.filter.LogCosFilter              : cost time: 159
