2020-01-07 21:01:41.610  INFO 52256 --- [main] com.wrh.MynettyApplication               : Starting MynettyApplication on CN210102099 with PID 52256 (D:\pro\mynetty\target\classes started by wuruohong in D:\pro\mynetty)
2020-01-07 21:01:41.613  INFO 52256 --- [main] com.wrh.MynettyApplication               : No active profile set, falling back to default profiles: default
2020-01-07 21:01:43.377  INFO 52256 --- [main] o.apache.catalina.core.StandardService   : Starting service [Tomcat]
2020-01-07 21:01:43.377  INFO 52256 --- [main] org.apache.catalina.core.StandardEngine  : Starting Servlet Engine: Apache Tomcat/8.5.32
2020-01-07 21:01:43.387  INFO 52256 --- [localhost-startStop-1] o.a.catalina.core.AprLifecycleListener   : The APR based Apache Tomcat Native library which allows optimal performance in production environments was not found on the java.library.path: [D:\tools\java\jdk\bin;C:\windows\Sun\Java\bin;C:\windows\system32;C:\windows;C:\Program Files (x86)\Common Files\Oracle\Java\javapath;C:\windows\system32;C:\windows;C:\windows\System32\Wbem;C:\windows\System32\WindowsPowerShell\v1.0\;C:\windows\System32\OpenSSH\;C:\Program Files\NVIDIA Corporation\NVIDIA NGX;D:\tools\java\jdk\bin;D:\tools\java\jdk\jre\bin;D:\tools\java\maven\apache-maven-3.6.3\bin;D:\tools\java\git\Git\cmd;C:\Users\wuruohong\AppData\Local\Microsoft\WindowsApps;;.]
2020-01-07 21:01:43.514  INFO 52256 --- [localhost-startStop-1] o.a.c.c.C.[.[localhost].[/mynetty]       : Initializing Spring embedded WebApplicationContext
2020-01-07 21:01:43.594  INFO 52256 --- [localhost-startStop-1] com.wrh.filter.LogCosFilter              : ----------------------->过滤器 1 被创建
2020-01-07 21:01:43.933  INFO 52256 --- [main] com.wrh.MynettyApplication               : 开始启动服务端的服务!
2020-01-07 21:01:45.589  WARN 52256 --- [main] o.s.b.a.f.FreeMarkerAutoConfiguration    : Cannot find template location(s): [classpath:/templates/] (please add some templates, check your FreeMarker configuration, or set spring.freemarker.checkTemplateLocation=false)
2020-01-07 21:01:45.713  INFO 52256 --- [main] com.wrh.MynettyApplication               : Started MynettyApplication in 4.662 seconds (JVM running for 5.209)
2020-01-07 21:02:02.978  INFO 52256 --- [http-nio-9999-exec-1] o.a.c.c.C.[.[localhost].[/mynetty]       : Initializing Spring FrameworkServlet 'dispatcherServlet'
2020-01-07 21:02:03.025  INFO 52256 --- [http-nio-9999-exec-1] com.wrh.guojihua.TestGuojihuaController  : locale is : zh_CN
2020-01-07 21:02:11.157  INFO 52256 --- [http-nio-9999-exec-2] com.wrh.guojihua.TestGuojihuaController  : locale is : zh_CN
2020-01-07 21:02:57.974  INFO 52392 --- [main] com.wrh.MynettyApplication               : Starting MynettyApplication on CN210102099 with PID 52392 (D:\pro\mynetty\target\classes started by wuruohong in D:\pro\mynetty)
2020-01-07 21:02:57.975  INFO 52392 --- [main] com.wrh.MynettyApplication               : No active profile set, falling back to default profiles: default
2020-01-07 21:02:58.939  INFO 52392 --- [main] o.apache.catalina.core.StandardService   : Starting service [Tomcat]
2020-01-07 21:02:58.939  INFO 52392 --- [main] org.apache.catalina.core.StandardEngine  : Starting Servlet Engine: Apache Tomcat/8.5.32
2020-01-07 21:02:58.942  INFO 52392 --- [localhost-startStop-1] o.a.catalina.core.AprLifecycleListener   : The APR based Apache Tomcat Native library which allows optimal performance in production environments was not found on the java.library.path: [D:\tools\java\jdk\bin;C:\windows\Sun\Java\bin;C:\windows\system32;C:\windows;C:\Program Files (x86)\Common Files\Oracle\Java\javapath;C:\windows\system32;C:\windows;C:\windows\System32\Wbem;C:\windows\System32\WindowsPowerShell\v1.0\;C:\windows\System32\OpenSSH\;C:\Program Files\NVIDIA Corporation\NVIDIA NGX;D:\tools\java\jdk\bin;D:\tools\java\jdk\jre\bin;D:\tools\java\maven\apache-maven-3.6.3\bin;D:\tools\java\git\Git\cmd;C:\Users\wuruohong\AppData\Local\Microsoft\WindowsApps;;.]
2020-01-07 21:02:59.029  INFO 52392 --- [localhost-startStop-1] o.a.c.c.C.[.[localhost].[/mynetty]       : Initializing Spring embedded WebApplicationContext
2020-01-07 21:02:59.090  INFO 52392 --- [localhost-startStop-1] com.wrh.filter.LogCosFilter              : ----------------------->过滤器 1 被创建
2020-01-07 21:02:59.273  INFO 52392 --- [main] com.wrh.MynettyApplication               : 开始启动服务端的服务!
2020-01-07 21:03:00.700  WARN 52392 --- [main] o.s.b.a.f.FreeMarkerAutoConfiguration    : Cannot find template location(s): [classpath:/templates/] (please add some templates, check your FreeMarker configuration, or set spring.freemarker.checkTemplateLocation=false)
2020-01-07 21:03:00.779  INFO 52392 --- [main] com.wrh.MynettyApplication               : Started MynettyApplication in 3.126 seconds (JVM running for 3.627)
2020-01-07 21:03:09.250  INFO 52392 --- [http-nio-9999-exec-1] o.a.c.c.C.[.[localhost].[/mynetty]       : Initializing Spring FrameworkServlet 'dispatcherServlet'
2020-01-07 21:03:09.290  INFO 52392 --- [http-nio-9999-exec-1] com.wrh.guojihua.TestGuojihuaController  : locale is : zh_CN
