2019-04-09 17:02:16.574  INFO 29624 --- [main] com.wrh.MynettyApplication               : Starting MynettyApplication on JT3Q9CAJRJ5FX5M with PID 29624 (started by Administrator in D:\0 pro\mynetty)
2019-04-09 17:02:16.578 DEBUG 29624 --- [main] com.wrh.MynettyApplication               : Running with Spring Boot v2.0.3.RELEASE, Spring v5.0.7.RELEASE
2019-04-09 17:02:16.581  INFO 29624 --- [main] com.wrh.MynettyApplication               : No active profile set, falling back to default profiles: default
2019-04-09 17:02:19.180  INFO 29624 --- [main] o.apache.catalina.core.StandardService   : Starting service [Tomcat]
2019-04-09 17:02:19.180  INFO 29624 --- [main] org.apache.catalina.core.StandardEngine  : Starting Servlet Engine: Apache Tomcat/8.5.31
2019-04-09 17:02:19.187  INFO 29624 --- [localhost-startStop-1] o.a.catalina.core.AprLifecycleListener   : The APR based Apache Tomcat Native library which allows optimal performance in production environments was not found on the java.library.path: [D:\Java\jdk1.8.0_112\bin;C:\windows\Sun\Java\bin;C:\windows\system32;C:\windows;C:\ProgramData\Oracle\Java\javapath;C:\Program Files (x86)\Common Files\NetSarang;C:\windows\system32;C:\windows;C:\windows\System32\Wbem;C:\windows\System32\WindowsPowerShell\v1.0\;C:\Program Files (x86)\AMD\ATI.ACE\Core-Static;C:\Program Files\Intel\WiFi\bin\;C:\Program Files\Common Files\Intel\WirelessCommon\;D:\Program Files (x86)\OpenVPN\bin;D:\green\gradle-2.13\gradle-2.13\bin;D:\Program Files\TortoiseSVN\bin:C:\Users\Administrator\Desktop\bin\bin;C:\Program Files\Git\cmd;D:\Java\apache-maven-3.2.5\bin;C:\Program Files\Java\jdk1.8.0_131\bin;;D:\zookeeper/bin;D:\zookeeper/conf;D:\Program Files\Scripts\;D:\Program Files\;C:\Program Files\Intel\WiFi\bin\;C:\Program Files\Common Files\Intel\WirelessCommon\;C:\Program Files (x86)\CVSNT\;C:\Program Files\Java\jdk1.8.0_131\bin;C:\Program Files\Java\jdk1.8.0_131\jre\bin;%MAVEN_HOME%\bin;D:\Dev\mysql-5.7.11;D:\Program Files\Docker Toolbox;D:\Program Files\Microsoft VS Code\bin;.]
2019-04-09 17:02:19.366  INFO 29624 --- [localhost-startStop-1] o.a.c.c.C.[Tomcat].[localhost].[/]       : Initializing Spring embedded WebApplicationContext
2019-04-09 17:02:20.545  INFO 29624 --- [main] com.wrh.MynettyApplication               : 开始启动服务端的服务!
2019-04-09 17:02:21.209 ERROR 29624 --- [main] o.apache.catalina.core.StandardService   : Failed to start connector [Connector[HTTP/1.1-9093]]

org.apache.catalina.LifecycleException: Failed to start component [Connector[HTTP/1.1-9093]]
	at org.apache.catalina.util.LifecycleBase.start(LifecycleBase.java:167)
	at org.apache.catalina.core.StandardService.addConnector(StandardService.java:225)
	at org.springframework.boot.web.embedded.tomcat.TomcatWebServer.addPreviouslyRemovedConnectors(TomcatWebServer.java:256)
	at org.springframework.boot.web.embedded.tomcat.TomcatWebServer.start(TomcatWebServer.java:198)
	at org.springframework.boot.web.servlet.context.ServletWebServerApplicationContext.startWebServer(ServletWebServerApplicationContext.java:300)
	at org.springframework.boot.web.servlet.context.ServletWebServerApplicationContext.finishRefresh(ServletWebServerApplicationContext.java:162)
	at org.springframework.context.support.AbstractApplicationContext.refresh(AbstractApplicationContext.java:553)
	at org.springframework.boot.web.servlet.context.ServletWebServerApplicationContext.refresh(ServletWebServerApplicationContext.java:140)
	at org.springframework.boot.SpringApplication.refresh(SpringApplication.java:759)
	at org.springframework.boot.SpringApplication.refreshContext(SpringApplication.java:395)
	at org.springframework.boot.SpringApplication.run(SpringApplication.java:327)
	at org.springframework.boot.SpringApplication.run(SpringApplication.java:1255)
	at org.springframework.boot.SpringApplication.run(SpringApplication.java:1243)
	at com.wrh.MynettyApplication.main(MynettyApplication.java:21)
Caused by: org.apache.catalina.LifecycleException: Protocol handler start failed
	at org.apache.catalina.connector.Connector.startInternal(Connector.java:1020)
	at org.apache.catalina.util.LifecycleBase.start(LifecycleBase.java:150)
	... 13 common frames omitted
Caused by: java.net.BindException: Address already in use: bind
	at sun.nio.ch.Net.bind0(Native Method)
	at sun.nio.ch.Net.bind(Net.java:433)
	at sun.nio.ch.Net.bind(Net.java:425)
	at sun.nio.ch.ServerSocketChannelImpl.bind(ServerSocketChannelImpl.java:223)
	at sun.nio.ch.ServerSocketAdaptor.bind(ServerSocketAdaptor.java:74)
	at org.apache.tomcat.util.net.NioEndpoint.bind(NioEndpoint.java:210)
	at org.apache.tomcat.util.net.AbstractEndpoint.start(AbstractEndpoint.java:1150)
	at org.apache.coyote.AbstractProtocol.start(AbstractProtocol.java:591)
	at org.apache.catalina.connector.Connector.startInternal(Connector.java:1018)
	... 14 common frames omitted

2019-04-09 17:02:21.214  INFO 29624 --- [main] o.apache.catalina.core.StandardService   : Stopping service [Tomcat]
2019-04-09 17:02:21.273 ERROR 29624 --- [main] o.s.b.d.LoggingFailureAnalysisReporter   : 

***************************
APPLICATION FAILED TO START
***************************

Description:

The Tomcat connector configured to listen on port 9093 failed to start. The port may already be in use or the connector may be misconfigured.

Action:

Verify the connector's configuration, identify and stop any process that's listening on port 9093, or configure this application to listen on another port.

2019-04-09 17:03:13.993  INFO 29204 --- [main] com.wrh.MynettyApplication               : Starting MynettyApplication on JT3Q9CAJRJ5FX5M with PID 29204 (started by Administrator in D:\0 pro\mynetty)
2019-04-09 17:03:13.997 DEBUG 29204 --- [main] com.wrh.MynettyApplication               : Running with Spring Boot v2.0.3.RELEASE, Spring v5.0.7.RELEASE
2019-04-09 17:03:14.000  INFO 29204 --- [main] com.wrh.MynettyApplication               : No active profile set, falling back to default profiles: default
2019-04-09 17:03:15.454  INFO 29204 --- [main] o.apache.catalina.core.StandardService   : Starting service [Tomcat]
2019-04-09 17:03:15.455  INFO 29204 --- [main] org.apache.catalina.core.StandardEngine  : Starting Servlet Engine: Apache Tomcat/8.5.31
2019-04-09 17:03:15.462  INFO 29204 --- [localhost-startStop-1] o.a.catalina.core.AprLifecycleListener   : The APR based Apache Tomcat Native library which allows optimal performance in production environments was not found on the java.library.path: [D:\Java\jdk1.8.0_112\bin;C:\windows\Sun\Java\bin;C:\windows\system32;C:\windows;C:\ProgramData\Oracle\Java\javapath;C:\Program Files (x86)\Common Files\NetSarang;C:\windows\system32;C:\windows;C:\windows\System32\Wbem;C:\windows\System32\WindowsPowerShell\v1.0\;C:\Program Files (x86)\AMD\ATI.ACE\Core-Static;C:\Program Files\Intel\WiFi\bin\;C:\Program Files\Common Files\Intel\WirelessCommon\;D:\Program Files (x86)\OpenVPN\bin;D:\green\gradle-2.13\gradle-2.13\bin;D:\Program Files\TortoiseSVN\bin:C:\Users\Administrator\Desktop\bin\bin;C:\Program Files\Git\cmd;D:\Java\apache-maven-3.2.5\bin;C:\Program Files\Java\jdk1.8.0_131\bin;;D:\zookeeper/bin;D:\zookeeper/conf;D:\Program Files\Scripts\;D:\Program Files\;C:\Program Files\Intel\WiFi\bin\;C:\Program Files\Common Files\Intel\WirelessCommon\;C:\Program Files (x86)\CVSNT\;C:\Program Files\Java\jdk1.8.0_131\bin;C:\Program Files\Java\jdk1.8.0_131\jre\bin;%MAVEN_HOME%\bin;D:\Dev\mysql-5.7.11;D:\Program Files\Docker Toolbox;D:\Program Files\Microsoft VS Code\bin;.]
2019-04-09 17:03:15.594  INFO 29204 --- [localhost-startStop-1] o.a.c.c.C.[Tomcat].[localhost].[/]       : Initializing Spring embedded WebApplicationContext
2019-04-09 17:03:15.818  INFO 29204 --- [main] com.wrh.MynettyApplication               : 开始启动服务端的服务!
2019-04-09 17:03:16.611  INFO 29204 --- [main] com.wrh.MynettyApplication               : Started MynettyApplication in 4.008 seconds (JVM running for 7.215)
